<?xml version="1.0" encoding="utf-8"?><testsuites name="pytest tests"><testsuite name="pytest" errors="10" failures="15" skipped="14" tests="105" time="447.493" timestamp="2026-04-24T21:49:57.558523+02:00" hostname="demeter.local"><testcase classname="tests.e2e.areas.test_admin_integrations.TestIntegrationsPage" name="test_page_loads" time="1.667" /><testcase classname="tests.e2e.areas.test_admin_integrations.TestIntegrationsPage" name="test_mcp_status_endpoint_returns_shape" time="0.025" /><testcase classname="tests.e2e.areas.test_admin_integrations.TestIntegrationsPage" name="test_mcp_tools_endpoint_returns_list" time="0.015" /><testcase classname="tests.e2e.areas.test_admin_integrations.TestIntegrationsPage" name="test_page_fetches_mcp_status_on_load" time="1.826" /><testcase classname="tests.e2e.areas.test_admin_integrations.TestIntegrationsPage" name="test_refresh_button_issues_post" time="1.043" /><testcase classname="tests.e2e.areas.test_admin_intents.TestIntentsPage" name="test_page_loads" time="1.127" /><testcase classname="tests.e2e.areas.test_admin_intents.TestIntentsPage" name="test_intents_status_endpoint" time="0.008"><failure message="assert False&#10; +  where False = any(&lt;generator object TestIntentsPage.test_intents_status_endpoint.&lt;locals&gt;.&lt;genexpr&gt; at 0x1102a34c0&gt;)">tests/e2e/areas/test_admin_intents.py:43: in test_intents_status_endpoint
    assert any(k in result for k in
E   assert False
E    +  where False = any(&lt;generator object TestIntentsPage.test_intents_status_endpoint.&lt;locals&gt;.&lt;genexpr&gt; at 0x1102a34c0&gt;)</failure></testcase><testcase classname="tests.e2e.areas.test_admin_intents.TestIntentsPage" name="test_page_fetches_intents_status_on_load" time="1.940" /><testcase classname="tests.e2e.areas.test_admin_intents.TestIntentsPage" name="test_prompt_endpoint_responds" time="0.011" /><testcase classname="tests.e2e.areas.test_admin_maintenance.TestMaintenancePage" name="test_page_loads" time="0.974" /><testcase classname="tests.e2e.areas.test_admin_maintenance.TestMaintenancePage" name="test_maintenance_buttons_present" time="0.975" /><testcase classname="tests.e2e.areas.test_admin_maintenance.TestMaintenancePage" name="test_reindex_button_issues_post_when_clicked" time="1.017" /><testcase classname="tests.e2e.areas.test_admin_paperless_audit.TestPaperlessAuditPage" name="test_page_loads" time="0.933" /><testcase classname="tests.e2e.areas.test_admin_paperless_audit.TestPaperlessAuditPage" name="test_status_endpoint_responds" time="0.009" /><testcase classname="tests.e2e.areas.test_admin_paperless_audit.TestPaperlessAuditPage" name="test_stats_endpoint_has_counts" time="0.042" /><testcase classname="tests.e2e.areas.test_admin_paperless_audit.TestPaperlessAuditPage" name="test_page_fetches_status_on_load" time="1.787" /><testcase classname="tests.e2e.areas.test_admin_presence.TestPresencePage" name="test_page_loads" time="0.975" /><testcase classname="tests.e2e.areas.test_admin_presence.TestPresencePage" name="test_status_endpoint" time="0.009" /><testcase classname="tests.e2e.areas.test_admin_presence.TestPresencePage" name="test_rooms_endpoint_returns_list" time="0.007" /><testcase classname="tests.e2e.areas.test_admin_presence.TestPresencePage" name="test_devices_endpoint_returns_list" time="0.009" /><testcase classname="tests.e2e.areas.test_admin_presence.TestPresencePage" name="test_page_fetches_rooms_on_load" time="1.816" /><testcase classname="tests.e2e.areas.test_admin_roles.TestRolesPageRenders" name="test_page_loads" time="0.969"><failure message="AssertionError: assert False&#10; +  where False = is_visible()&#10; +    where is_visible = &lt;Locator frame=&lt;Frame name= url='https://renfield.local/admin/roles'&gt; selector='internal:role=heading[name=/Rollen|Roles/i] &gt;&gt; nth=0'&gt;.is_visible&#10; +      where &lt;Locator frame=&lt;Frame name= url='https://renfield.local/admin/roles'&gt; selector='internal:role=heading[name=/Rollen|Roles/i] &gt;&gt; nth=0'&gt; = &lt;Locator frame=&lt;Frame name= url='https://renfield.local/admin/roles'&gt; selector='internal:role=heading[name=/Rollen|Roles/i]'&gt;.first&#10; +        where &lt;Locator frame=&lt;Frame name= url='https://renfield.local/admin/roles'&gt; selector='internal:role=heading[name=/Rollen|Roles/i]'&gt; = get_by_role('heading', name=re.compile('Rollen|Roles', re.IGNORECASE))&#10; +          where get_by_role = &lt;Page url='https://renfield.local/admin/roles'&gt;.get_by_role&#10; +          and   re.compile('Rollen|Roles', re.IGNORECASE) = &lt;function compile at 0x102a55900&gt;('Rollen|Roles', re.IGNORECASE)&#10; +            where &lt;function compile at 0x102a55900&gt; = re.compile&#10; +            and   re.IGNORECASE = re.IGNORECASE">tests/e2e/areas/test_admin_roles.py:50: in test_page_loads
    assert roles_page.get_by_role(
E   AssertionError: assert False
E    +  where False = is_visible()
E    +    where is_visible = &lt;Locator frame=&lt;Frame name= url='https://renfield.local/admin/roles'&gt; selector='internal:role=heading[name=/Rollen|Roles/i] &gt;&gt; nth=0'&gt;.is_visible
E    +      where &lt;Locator frame=&lt;Frame name= url='https://renfield.local/admin/roles'&gt; selector='internal:role=heading[name=/Rollen|Roles/i] &gt;&gt; nth=0'&gt; = &lt;Locator frame=&lt;Frame name= url='https://renfield.local/admin/roles'&gt; selector='internal:role=heading[name=/Rollen|Roles/i]'&gt;.first
E    +        where &lt;Locator frame=&lt;Frame name= url='https://renfield.local/admin/roles'&gt; selector='internal:role=heading[name=/Rollen|Roles/i]'&gt; = get_by_role('heading', name=re.compile('Rollen|Roles', re.IGNORECASE))
E    +          where get_by_role = &lt;Page url='https://renfield.local/admin/roles'&gt;.get_by_role
E    +          and   re.compile('Rollen|Roles', re.IGNORECASE) = &lt;function compile at 0x102a55900&gt;('Rollen|Roles', re.IGNORECASE)
E    +            where &lt;function compile at 0x102a55900&gt; = re.compile
E    +            and   re.IGNORECASE = re.IGNORECASE</failure></testcase><testcase classname="tests.e2e.areas.test_admin_roles.TestRolesPageRenders" name="test_roles_endpoint_returns_list" time="0.010" /><testcase classname="tests.e2e.areas.test_admin_roles.TestRolesPageRenders" name="test_permissions_endpoint_returns_list" time="0.007" /><testcase classname="tests.e2e.areas.test_admin_roles.TestRolesCRUD" name="test_create_and_delete_role" time="0.012"><skipped type="pytest.skip" message="create_role schema/auth: Client error '400 Bad Request' for url 'https://renfield.local/api/roles'&#10;For more information check: https://developer.mozilla.org/en-US/docs/Web/HTTP/Status/400">/Users/evdb/projects.ai/renfield/tests/e2e/areas/test_admin_roles.py:75: create_role schema/auth: Client error '400 Bad Request' for url 'https://renfield.local/api/roles'
For more information check: https://developer.mozilla.org/en-US/docs/Web/HTTP/Status/400</skipped></testcase><testcase classname="tests.e2e.areas.test_admin_roles.TestRolesCRUD" name="test_created_role_appears_in_ui" time="0.963"><skipped type="pytest.skip" message="create_role schema/auth: Client error '400 Bad Request' for url 'https://renfield.local/api/roles'&#10;For more information check: https://developer.mozilla.org/en-US/docs/Web/HTTP/Status/400">/Users/evdb/projects.ai/renfield/tests/e2e/areas/test_admin_roles.py:101: create_role schema/auth: Client error '400 Bad Request' for url 'https://renfield.local/api/roles'
For more information check: https://developer.mozilla.org/en-US/docs/Web/HTTP/Status/400</skipped></testcase><testcase classname="tests.e2e.areas.test_admin_routing.TestRoutingDashboard" name="test_page_loads" time="0.934" /><testcase classname="tests.e2e.areas.test_admin_routing.TestRoutingDashboard" name="test_routing_traces_endpoint" time="0.007"><skipped type="pytest.skip" message="GET /api/admin/routing-traces returned 404">/Users/evdb/projects.ai/renfield/tests/e2e/helpers/api.py:53: GET /api/admin/routing-traces returned 404</skipped></testcase><testcase classname="tests.e2e.areas.test_admin_routing.TestRoutingDashboard" name="test_routing_stats_endpoint" time="0.006"><skipped type="pytest.skip" message="GET /api/admin/routing-stats returned 404">/Users/evdb/projects.ai/renfield/tests/e2e/helpers/api.py:53: GET /api/admin/routing-stats returned 404</skipped></testcase><testcase classname="tests.e2e.areas.test_admin_routing.TestRoutingDashboard" name="test_page_fetches_traces_on_load" time="1.761"><failure message="AssertionError: Critical console errors on this page:&#10;  - Failed to load resource: the server responded with a status of 404 ()&#10;  - Failed to load resource: the server responded with a status of 404 ()&#10;  - API Error: ke&#10;  - Failed to fetch routing data: ke&#10;  - API Error: ke">tests/e2e/areas/test_admin_routing.py:59: in test_page_fetches_traces_on_load
    assert_no_critical_console_errors(get_errors())
tests/e2e/helpers/asserts.py:34: in assert_no_critical_console_errors
    assert not critical, (
           ^^^^^^^^^^^^
E   AssertionError: Critical console errors on this page:
E     - Failed to load resource: the server responded with a status of 404 ()
E     - Failed to load resource: the server responded with a status of 404 ()
E     - API Error: ke
E     - Failed to fetch routing data: ke
E     - API Error: ke</failure></testcase><testcase classname="tests.e2e.areas.test_admin_satellites.TestSatellitesPage" name="test_page_loads" time="0.951" /><testcase classname="tests.e2e.areas.test_admin_satellites.TestSatellitesPage" name="test_satellites_endpoint_returns_envelope" time="0.009" /><testcase classname="tests.e2e.areas.test_admin_satellites.TestSatellitesPage" name="test_versions_endpoint_responds" time="0.031" /><testcase classname="tests.e2e.areas.test_admin_satellites.TestSatellitesPage" name="test_page_fetches_satellites_on_load" time="1.780" /><testcase classname="tests.e2e.areas.test_admin_settings.TestAdminSettingsPage" name="test_page_loads" time="0.968" /><testcase classname="tests.e2e.areas.test_admin_settings.TestAdminSettingsPage" name="test_wakeword_settings_endpoint_responds" time="0.010" /><testcase classname="tests.e2e.areas.test_admin_settings.TestAdminSettingsPage" name="test_wakeword_models_endpoint_returns_list" time="0.007" /><testcase classname="tests.e2e.areas.test_admin_settings.TestAdminSettingsPage" name="test_page_fetches_wakeword_on_load" time="1.792" /><testcase classname="tests.e2e.areas.test_admin_users.TestAdminUsersPageRenders" name="test_loads_without_crash" time="0.971"><failure message="AssertionError: assert False&#10; +  where False = is_visible()&#10; +    where is_visible = &lt;Locator frame=&lt;Frame name= url='https://renfield.local/admin/users'&gt; selector='internal:role=heading[name=/Benutzer|Users/i] &gt;&gt; nth=0'&gt;.is_visible&#10; +      where &lt;Locator frame=&lt;Frame name= url='https://renfield.local/admin/users'&gt; selector='internal:role=heading[name=/Benutzer|Users/i] &gt;&gt; nth=0'&gt; = &lt;Locator frame=&lt;Frame name= url='https://renfield.local/admin/users'&gt; selector='internal:role=heading[name=/Benutzer|Users/i]'&gt;.first&#10; +        where &lt;Locator frame=&lt;Frame name= url='https://renfield.local/admin/users'&gt; selector='internal:role=heading[name=/Benutzer|Users/i]'&gt; = get_by_role('heading', name=re.compile('Benutzer|Users', re.IGNORECASE))&#10; +          where get_by_role = &lt;Page url='https://renfield.local/admin/users'&gt;.get_by_role&#10; +          and   re.compile('Benutzer|Users', re.IGNORECASE) = &lt;function compile at 0x102a55900&gt;('Benutzer|Users', re.IGNORECASE)&#10; +            where &lt;function compile at 0x102a55900&gt; = re.compile&#10; +            and   re.IGNORECASE = re.IGNORECASE">tests/e2e/areas/test_admin_users.py:50: in test_loads_without_crash
    assert admin_users_page.get_by_role(
E   AssertionError: assert False
E    +  where False = is_visible()
E    +    where is_visible = &lt;Locator frame=&lt;Frame name= url='https://renfield.local/admin/users'&gt; selector='internal:role=heading[name=/Benutzer|Users/i] &gt;&gt; nth=0'&gt;.is_visible
E    +      where &lt;Locator frame=&lt;Frame name= url='https://renfield.local/admin/users'&gt; selector='internal:role=heading[name=/Benutzer|Users/i] &gt;&gt; nth=0'&gt; = &lt;Locator frame=&lt;Frame name= url='https://renfield.local/admin/users'&gt; selector='internal:role=heading[name=/Benutzer|Users/i]'&gt;.first
E    +        where &lt;Locator frame=&lt;Frame name= url='https://renfield.local/admin/users'&gt; selector='internal:role=heading[name=/Benutzer|Users/i]'&gt; = get_by_role('heading', name=re.compile('Benutzer|Users', re.IGNORECASE))
E    +          where get_by_role = &lt;Page url='https://renfield.local/admin/users'&gt;.get_by_role
E    +          and   re.compile('Benutzer|Users', re.IGNORECASE) = &lt;function compile at 0x102a55900&gt;('Benutzer|Users', re.IGNORECASE)
E    +            where &lt;function compile at 0x102a55900&gt; = re.compile
E    +            and   re.IGNORECASE = re.IGNORECASE</failure></testcase><testcase classname="tests.e2e.areas.test_admin_users.TestAdminUsersPageRenders" name="test_list_endpoint_returns_envelope" time="0.011" /><testcase classname="tests.e2e.areas.test_admin_users.TestAdminUsersCRUD" name="test_create_and_delete_user_via_api" time="0.012"><skipped type="pytest.skip" message="create_user schema/auth: Client error '422 Unprocessable Entity' for url 'https://renfield.local/api/users'&#10;For more information check: https://developer.mozilla.org/en-US/docs/Web/HTTP/Status/422">/Users/evdb/projects.ai/renfield/tests/e2e/areas/test_admin_users.py:72: create_user schema/auth: Client error '422 Unprocessable Entity' for url 'https://renfield.local/api/users'
For more information check: https://developer.mozilla.org/en-US/docs/Web/HTTP/Status/422</skipped></testcase><testcase classname="tests.e2e.areas.test_admin_users.TestAdminUsersCRUD" name="test_created_user_appears_in_ui_table" time="0.946"><skipped type="pytest.skip" message="create_user schema/auth: Client error '422 Unprocessable Entity' for url 'https://renfield.local/api/users'&#10;For more information check: https://developer.mozilla.org/en-US/docs/Web/HTTP/Status/422">/Users/evdb/projects.ai/renfield/tests/e2e/areas/test_admin_users.py:103: create_user schema/auth: Client error '422 Unprocessable Entity' for url 'https://renfield.local/api/users'
For more information check: https://developer.mozilla.org/en-US/docs/Web/HTTP/Status/422</skipped></testcase><testcase classname="tests.e2e.areas.test_brain.TestBrainPageRenders" name="test_page_loads" time="0.944" /><testcase classname="tests.e2e.areas.test_brain.TestBrainPageRenders" name="test_search_input_is_present" time="0.937"><failure message="AssertionError: No search input visible on /brain&#10;assert False&#10; +  where False = is_visible()&#10; +    where is_visible = &lt;Locator frame=&lt;Frame name= url='https://renfield.local/brain'&gt; selector=&quot;input[type='search'], input[placeholder*='uche'], input[placeholder*='earch'], textarea &gt;&gt; nth=0&quot;&gt;.is_visible">tests/e2e/areas/test_brain.py:50: in test_search_input_is_present
    assert search.is_visible(), "No search input visible on /brain"
E   AssertionError: No search input visible on /brain
E   assert False
E    +  where False = is_visible()
E    +    where is_visible = &lt;Locator frame=&lt;Frame name= url='https://renfield.local/brain'&gt; selector="input[type='search'], input[placeholder*='uche'], input[placeholder*='earch'], textarea &gt;&gt; nth=0"&gt;.is_visible</failure></testcase><testcase classname="tests.e2e.areas.test_brain.TestBrainPageRenders" name="test_atoms_endpoint_returns_list" time="18.301" /><testcase classname="tests.e2e.areas.test_brain.TestBrainSearch" name="test_empty_search_does_not_crash" time="30.943"><failure message="playwright._impl._errors.TimeoutError: Locator.fill: Timeout 30000ms exceeded.&#10;Call log:&#10;  - waiting for locator(&quot;input[type='search'], input[placeholder*='uche'], input[placeholder*='earch'], textarea&quot;).first">tests/e2e/areas/test_brain.py:70: in test_empty_search_does_not_crash
    search.fill("")
/private/tmp/renfield-e2e-venv/lib/python3.14/site-packages/playwright/sync_api/_generated.py:15983: in fill
    self._sync(
/private/tmp/renfield-e2e-venv/lib/python3.14/site-packages/playwright/_impl/_locator.py:215: in fill
    return await self._frame.fill(self._selector, strict=True, **params)
           ^^^^^^^^^^^^^^^^^^^^^^^^^^^^^^^^^^^^^^^^^^^^^^^^^^^^^^^^^^^^^
/private/tmp/renfield-e2e-venv/lib/python3.14/site-packages/playwright/_impl/_frame.py:607: in fill
    await self._fill(**locals_to_params(locals()))
/private/tmp/renfield-e2e-venv/lib/python3.14/site-packages/playwright/_impl/_frame.py:619: in _fill
    await self._channel.send("fill", self._timeout, locals_to_params(locals()))
/private/tmp/renfield-e2e-venv/lib/python3.14/site-packages/playwright/_impl/_connection.py:69: in send
    return await self._connection.wrap_api_call(
/private/tmp/renfield-e2e-venv/lib/python3.14/site-packages/playwright/_impl/_connection.py:559: in wrap_api_call
    raise rewrite_error(error, f"{parsed_st['apiName']}: {error}") from None
E   playwright._impl._errors.TimeoutError: Locator.fill: Timeout 30000ms exceeded.
E   Call log:
E     - waiting for locator("input[type='search'], input[placeholder*='uche'], input[placeholder*='earch'], textarea").first</failure></testcase><testcase classname="tests.e2e.areas.test_brain.TestBrainSearch" name="test_keyword_search_request_issues" time="30.937"><failure message="playwright._impl._errors.TimeoutError: Locator.fill: Timeout 30000ms exceeded.&#10;Call log:&#10;  - waiting for locator(&quot;input[type='search'], input[placeholder*='uche'], input[placeholder*='earch'], textarea&quot;).first">tests/e2e/areas/test_brain.py:88: in test_keyword_search_request_issues
    search.fill("rechnung")
/private/tmp/renfield-e2e-venv/lib/python3.14/site-packages/playwright/sync_api/_generated.py:15983: in fill
    self._sync(
/private/tmp/renfield-e2e-venv/lib/python3.14/site-packages/playwright/_impl/_locator.py:215: in fill
    return await self._frame.fill(self._selector, strict=True, **params)
           ^^^^^^^^^^^^^^^^^^^^^^^^^^^^^^^^^^^^^^^^^^^^^^^^^^^^^^^^^^^^^
/private/tmp/renfield-e2e-venv/lib/python3.14/site-packages/playwright/_impl/_frame.py:607: in fill
    await self._fill(**locals_to_params(locals()))
/private/tmp/renfield-e2e-venv/lib/python3.14/site-packages/playwright/_impl/_frame.py:619: in _fill
    await self._channel.send("fill", self._timeout, locals_to_params(locals()))
/private/tmp/renfield-e2e-venv/lib/python3.14/site-packages/playwright/_impl/_connection.py:69: in send
    return await self._connection.wrap_api_call(
/private/tmp/renfield-e2e-venv/lib/python3.14/site-packages/playwright/_impl/_connection.py:559: in wrap_api_call
    raise rewrite_error(error, f"{parsed_st['apiName']}: {error}") from None
E   playwright._impl._errors.TimeoutError: Locator.fill: Timeout 30000ms exceeded.
E   Call log:
E     - waiting for locator("input[type='search'], input[placeholder*='uche'], input[placeholder*='earch'], textarea").first</failure></testcase><testcase classname="tests.e2e.areas.test_brain_review.TestBrainReviewPageRenders" name="test_page_loads" time="1.227" /><testcase classname="tests.e2e.areas.test_brain_review.TestBrainReviewPageRenders" name="test_review_queue_endpoint_responds" time="0.051" /><testcase classname="tests.e2e.areas.test_brain_review.TestBrainReviewEmptyState" name="test_empty_queue_shows_clean_empty_state" time="1.179" /><testcase classname="tests.e2e.areas.test_camera.TestCameraPage" name="test_page_loads" time="0.951" /><testcase classname="tests.e2e.areas.test_camera.TestCameraPage" name="test_cameras_endpoint_returns_list" time="0.010" /><testcase classname="tests.e2e.areas.test_camera.TestCameraPage" name="test_page_fetches_cameras_on_load" time="1.794" /><testcase classname="tests.e2e.areas.test_camera.TestCameraPage" name="test_page_fetches_events_on_load" time="1.771" /><testcase classname="tests.e2e.areas.test_chat.TestChatPageRenders" name="test_loads_and_shows_empty_state" time="15.641"><error message="failed on setup with &quot;playwright._impl._errors.TimeoutError: Page.wait_for_selector: Timeout 15000ms exceeded.&#10;Call log:&#10;  - waiting for locator(&quot;textarea#chat-input, textarea&quot;) to be visible&quot;">tests/e2e/areas/test_chat.py:50: in chat_page
    page.wait_for_selector("textarea#chat-input, textarea", timeout=15_000)
/private/tmp/renfield-e2e-venv/lib/python3.14/site-packages/playwright/sync_api/_generated.py:8217: in wait_for_selector
    self._sync(
/private/tmp/renfield-e2e-venv/lib/python3.14/site-packages/playwright/_impl/_page.py:419: in wait_for_selector
    return await self._main_frame.wait_for_selector(**locals_to_params(locals()))
           ^^^^^^^^^^^^^^^^^^^^^^^^^^^^^^^^^^^^^^^^^^^^^^^^^^^^^^^^^^^^^^^^^^^^^^
/private/tmp/renfield-e2e-venv/lib/python3.14/site-packages/playwright/_impl/_frame.py:369: in wait_for_selector
    await self._channel.send(
/private/tmp/renfield-e2e-venv/lib/python3.14/site-packages/playwright/_impl/_connection.py:69: in send
    return await self._connection.wrap_api_call(
/private/tmp/renfield-e2e-venv/lib/python3.14/site-packages/playwright/_impl/_connection.py:559: in wrap_api_call
    raise rewrite_error(error, f"{parsed_st['apiName']}: {error}") from None
E   playwright._impl._errors.TimeoutError: Page.wait_for_selector: Timeout 15000ms exceeded.
E   Call log:
E     - waiting for locator("textarea#chat-input, textarea") to be visible</error></testcase><testcase classname="tests.e2e.areas.test_chat.TestChatPageRenders" name="test_input_controls_present_and_enabled" time="15.623"><error message="failed on setup with &quot;playwright._impl._errors.TimeoutError: Page.wait_for_selector: Timeout 15000ms exceeded.&#10;Call log:&#10;  - waiting for locator(&quot;textarea#chat-input, textarea&quot;) to be visible&quot;">tests/e2e/areas/test_chat.py:50: in chat_page
    page.wait_for_selector("textarea#chat-input, textarea", timeout=15_000)
/private/tmp/renfield-e2e-venv/lib/python3.14/site-packages/playwright/sync_api/_generated.py:8217: in wait_for_selector
    self._sync(
/private/tmp/renfield-e2e-venv/lib/python3.14/site-packages/playwright/_impl/_page.py:419: in wait_for_selector
    return await self._main_frame.wait_for_selector(**locals_to_params(locals()))
           ^^^^^^^^^^^^^^^^^^^^^^^^^^^^^^^^^^^^^^^^^^^^^^^^^^^^^^^^^^^^^^^^^^^^^^
/private/tmp/renfield-e2e-venv/lib/python3.14/site-packages/playwright/_impl/_frame.py:369: in wait_for_selector
    await self._channel.send(
/private/tmp/renfield-e2e-venv/lib/python3.14/site-packages/playwright/_impl/_connection.py:69: in send
    return await self._connection.wrap_api_call(
/private/tmp/renfield-e2e-venv/lib/python3.14/site-packages/playwright/_impl/_connection.py:559: in wrap_api_call
    raise rewrite_error(error, f"{parsed_st['apiName']}: {error}") from None
E   playwright._impl._errors.TimeoutError: Page.wait_for_selector: Timeout 15000ms exceeded.
E   Call log:
E     - waiting for locator("textarea#chat-input, textarea") to be visible</error></testcase><testcase classname="tests.e2e.areas.test_chat.TestChatPageRenders" name="test_websocket_connects" time="15.621"><error message="failed on setup with &quot;playwright._impl._errors.TimeoutError: Page.wait_for_selector: Timeout 15000ms exceeded.&#10;Call log:&#10;  - waiting for locator(&quot;textarea#chat-input, textarea&quot;) to be visible&quot;">tests/e2e/areas/test_chat.py:50: in chat_page
    page.wait_for_selector("textarea#chat-input, textarea", timeout=15_000)
/private/tmp/renfield-e2e-venv/lib/python3.14/site-packages/playwright/sync_api/_generated.py:8217: in wait_for_selector
    self._sync(
/private/tmp/renfield-e2e-venv/lib/python3.14/site-packages/playwright/_impl/_page.py:419: in wait_for_selector
    return await self._main_frame.wait_for_selector(**locals_to_params(locals()))
           ^^^^^^^^^^^^^^^^^^^^^^^^^^^^^^^^^^^^^^^^^^^^^^^^^^^^^^^^^^^^^^^^^^^^^^
/private/tmp/renfield-e2e-venv/lib/python3.14/site-packages/playwright/_impl/_frame.py:369: in wait_for_selector
    await self._channel.send(
/private/tmp/renfield-e2e-venv/lib/python3.14/site-packages/playwright/_impl/_connection.py:69: in send
    return await self._connection.wrap_api_call(
/private/tmp/renfield-e2e-venv/lib/python3.14/site-packages/playwright/_impl/_connection.py:559: in wrap_api_call
    raise rewrite_error(error, f"{parsed_st['apiName']}: {error}") from None
E   playwright._impl._errors.TimeoutError: Page.wait_for_selector: Timeout 15000ms exceeded.
E   Call log:
E     - waiting for locator("textarea#chat-input, textarea") to be visible</error></testcase><testcase classname="tests.e2e.areas.test_chat.TestChatSendMessage" name="test_send_simple_question_gets_reply" time="15.629"><error message="failed on setup with &quot;playwright._impl._errors.TimeoutError: Page.wait_for_selector: Timeout 15000ms exceeded.&#10;Call log:&#10;  - waiting for locator(&quot;textarea#chat-input, textarea&quot;) to be visible&quot;">tests/e2e/areas/test_chat.py:50: in chat_page
    page.wait_for_selector("textarea#chat-input, textarea", timeout=15_000)
/private/tmp/renfield-e2e-venv/lib/python3.14/site-packages/playwright/sync_api/_generated.py:8217: in wait_for_selector
    self._sync(
/private/tmp/renfield-e2e-venv/lib/python3.14/site-packages/playwright/_impl/_page.py:419: in wait_for_selector
    return await self._main_frame.wait_for_selector(**locals_to_params(locals()))
           ^^^^^^^^^^^^^^^^^^^^^^^^^^^^^^^^^^^^^^^^^^^^^^^^^^^^^^^^^^^^^^^^^^^^^^
/private/tmp/renfield-e2e-venv/lib/python3.14/site-packages/playwright/_impl/_frame.py:369: in wait_for_selector
    await self._channel.send(
/private/tmp/renfield-e2e-venv/lib/python3.14/site-packages/playwright/_impl/_connection.py:69: in send
    return await self._connection.wrap_api_call(
/private/tmp/renfield-e2e-venv/lib/python3.14/site-packages/playwright/_impl/_connection.py:559: in wrap_api_call
    raise rewrite_error(error, f"{parsed_st['apiName']}: {error}") from None
E   playwright._impl._errors.TimeoutError: Page.wait_for_selector: Timeout 15000ms exceeded.
E   Call log:
E     - waiting for locator("textarea#chat-input, textarea") to be visible</error></testcase><testcase classname="tests.e2e.areas.test_chat.TestChatSendMessage" name="test_new_chat_button_resets_transcript" time="15.626"><error message="failed on setup with &quot;playwright._impl._errors.TimeoutError: Page.wait_for_selector: Timeout 15000ms exceeded.&#10;Call log:&#10;  - waiting for locator(&quot;textarea#chat-input, textarea&quot;) to be visible&quot;">tests/e2e/areas/test_chat.py:50: in chat_page
    page.wait_for_selector("textarea#chat-input, textarea", timeout=15_000)
/private/tmp/renfield-e2e-venv/lib/python3.14/site-packages/playwright/sync_api/_generated.py:8217: in wait_for_selector
    self._sync(
/private/tmp/renfield-e2e-venv/lib/python3.14/site-packages/playwright/_impl/_page.py:419: in wait_for_selector
    return await self._main_frame.wait_for_selector(**locals_to_params(locals()))
           ^^^^^^^^^^^^^^^^^^^^^^^^^^^^^^^^^^^^^^^^^^^^^^^^^^^^^^^^^^^^^^^^^^^^^^
/private/tmp/renfield-e2e-venv/lib/python3.14/site-packages/playwright/_impl/_frame.py:369: in wait_for_selector
    await self._channel.send(
/private/tmp/renfield-e2e-venv/lib/python3.14/site-packages/playwright/_impl/_connection.py:69: in send
    return await self._connection.wrap_api_call(
/private/tmp/renfield-e2e-venv/lib/python3.14/site-packages/playwright/_impl/_connection.py:559: in wrap_api_call
    raise rewrite_error(error, f"{parsed_st['apiName']}: {error}") from None
E   playwright._impl._errors.TimeoutError: Page.wait_for_selector: Timeout 15000ms exceeded.
E   Call log:
E     - waiting for locator("textarea#chat-input, textarea") to be visible</error></testcase><testcase classname="tests.e2e.areas.test_chat.TestChatFileUploadToPaperless" name="test_chat_upload_forwards_with_extracted_metadata" time="15.636"><error message="failed on setup with &quot;playwright._impl._errors.TimeoutError: Page.wait_for_selector: Timeout 15000ms exceeded.&#10;Call log:&#10;  - waiting for locator(&quot;textarea#chat-input, textarea&quot;) to be visible&quot;">tests/e2e/areas/test_chat.py:50: in chat_page
    page.wait_for_selector("textarea#chat-input, textarea", timeout=15_000)
/private/tmp/renfield-e2e-venv/lib/python3.14/site-packages/playwright/sync_api/_generated.py:8217: in wait_for_selector
    self._sync(
/private/tmp/renfield-e2e-venv/lib/python3.14/site-packages/playwright/_impl/_page.py:419: in wait_for_selector
    return await self._main_frame.wait_for_selector(**locals_to_params(locals()))
           ^^^^^^^^^^^^^^^^^^^^^^^^^^^^^^^^^^^^^^^^^^^^^^^^^^^^^^^^^^^^^^^^^^^^^^
/private/tmp/renfield-e2e-venv/lib/python3.14/site-packages/playwright/_impl/_frame.py:369: in wait_for_selector
    await self._channel.send(
/private/tmp/renfield-e2e-venv/lib/python3.14/site-packages/playwright/_impl/_connection.py:69: in send
    return await self._connection.wrap_api_call(
/private/tmp/renfield-e2e-venv/lib/python3.14/site-packages/playwright/_impl/_connection.py:559: in wrap_api_call
    raise rewrite_error(error, f"{parsed_st['apiName']}: {error}") from None
E   playwright._impl._errors.TimeoutError: Page.wait_for_selector: Timeout 15000ms exceeded.
E   Call log:
E     - waiting for locator("textarea#chat-input, textarea") to be visible</error></testcase><testcase classname="tests.e2e.areas.test_chat.TestChatFileUploadToPaperless" name="test_upload_rejects_oversized_file" time="15.630"><error message="failed on setup with &quot;playwright._impl._errors.TimeoutError: Page.wait_for_selector: Timeout 15000ms exceeded.&#10;Call log:&#10;  - waiting for locator(&quot;textarea#chat-input, textarea&quot;) to be visible&quot;">tests/e2e/areas/test_chat.py:50: in chat_page
    page.wait_for_selector("textarea#chat-input, textarea", timeout=15_000)
/private/tmp/renfield-e2e-venv/lib/python3.14/site-packages/playwright/sync_api/_generated.py:8217: in wait_for_selector
    self._sync(
/private/tmp/renfield-e2e-venv/lib/python3.14/site-packages/playwright/_impl/_page.py:419: in wait_for_selector
    return await self._main_frame.wait_for_selector(**locals_to_params(locals()))
           ^^^^^^^^^^^^^^^^^^^^^^^^^^^^^^^^^^^^^^^^^^^^^^^^^^^^^^^^^^^^^^^^^^^^^^
/private/tmp/renfield-e2e-venv/lib/python3.14/site-packages/playwright/_impl/_frame.py:369: in wait_for_selector
    await self._channel.send(
/private/tmp/renfield-e2e-venv/lib/python3.14/site-packages/playwright/_impl/_connection.py:69: in send
    return await self._connection.wrap_api_call(
/private/tmp/renfield-e2e-venv/lib/python3.14/site-packages/playwright/_impl/_connection.py:559: in wrap_api_call
    raise rewrite_error(error, f"{parsed_st['apiName']}: {error}") from None
E   playwright._impl._errors.TimeoutError: Page.wait_for_selector: Timeout 15000ms exceeded.
E   Call log:
E     - waiting for locator("textarea#chat-input, textarea") to be visible</error></testcase><testcase classname="tests.e2e.areas.test_chat.TestConversationSidebar" name="test_sent_message_appears_in_sidebar" time="15.622"><error message="failed on setup with &quot;playwright._impl._errors.TimeoutError: Page.wait_for_selector: Timeout 15000ms exceeded.&#10;Call log:&#10;  - waiting for locator(&quot;textarea#chat-input, textarea&quot;) to be visible&quot;">tests/e2e/areas/test_chat.py:50: in chat_page
    page.wait_for_selector("textarea#chat-input, textarea", timeout=15_000)
/private/tmp/renfield-e2e-venv/lib/python3.14/site-packages/playwright/sync_api/_generated.py:8217: in wait_for_selector
    self._sync(
/private/tmp/renfield-e2e-venv/lib/python3.14/site-packages/playwright/_impl/_page.py:419: in wait_for_selector
    return await self._main_frame.wait_for_selector(**locals_to_params(locals()))
           ^^^^^^^^^^^^^^^^^^^^^^^^^^^^^^^^^^^^^^^^^^^^^^^^^^^^^^^^^^^^^^^^^^^^^^
/private/tmp/renfield-e2e-venv/lib/python3.14/site-packages/playwright/_impl/_frame.py:369: in wait_for_selector
    await self._channel.send(
/private/tmp/renfield-e2e-venv/lib/python3.14/site-packages/playwright/_impl/_connection.py:69: in send
    return await self._connection.wrap_api_call(
/private/tmp/renfield-e2e-venv/lib/python3.14/site-packages/playwright/_impl/_connection.py:559: in wrap_api_call
    raise rewrite_error(error, f"{parsed_st['apiName']}: {error}") from None
E   playwright._impl._errors.TimeoutError: Page.wait_for_selector: Timeout 15000ms exceeded.
E   Call log:
E     - waiting for locator("textarea#chat-input, textarea") to be visible</error></testcase><testcase classname="tests.e2e.areas.test_chat.TestConversationSidebar" name="test_delete_button_removes_conversation" time="15.635"><error message="failed on setup with &quot;playwright._impl._errors.TimeoutError: Page.wait_for_selector: Timeout 15000ms exceeded.&#10;Call log:&#10;  - waiting for locator(&quot;textarea#chat-input, textarea&quot;) to be visible&quot;">tests/e2e/areas/test_chat.py:50: in chat_page
    page.wait_for_selector("textarea#chat-input, textarea", timeout=15_000)
/private/tmp/renfield-e2e-venv/lib/python3.14/site-packages/playwright/sync_api/_generated.py:8217: in wait_for_selector
    self._sync(
/private/tmp/renfield-e2e-venv/lib/python3.14/site-packages/playwright/_impl/_page.py:419: in wait_for_selector
    return await self._main_frame.wait_for_selector(**locals_to_params(locals()))
           ^^^^^^^^^^^^^^^^^^^^^^^^^^^^^^^^^^^^^^^^^^^^^^^^^^^^^^^^^^^^^^^^^^^^^^
/private/tmp/renfield-e2e-venv/lib/python3.14/site-packages/playwright/_impl/_frame.py:369: in wait_for_selector
    await self._channel.send(
/private/tmp/renfield-e2e-venv/lib/python3.14/site-packages/playwright/_impl/_connection.py:69: in send
    return await self._connection.wrap_api_call(
/private/tmp/renfield-e2e-venv/lib/python3.14/site-packages/playwright/_impl/_connection.py:559: in wrap_api_call
    raise rewrite_error(error, f"{parsed_st['apiName']}: {error}") from None
E   playwright._impl._errors.TimeoutError: Page.wait_for_selector: Timeout 15000ms exceeded.
E   Call log:
E     - waiting for locator("textarea#chat-input, textarea") to be visible</error></testcase><testcase classname="tests.e2e.areas.test_chat.TestChatTheme" name="test_theme_toggle_flips_dark_class" time="15.625"><error message="failed on setup with &quot;playwright._impl._errors.TimeoutError: Page.wait_for_selector: Timeout 15000ms exceeded.&#10;Call log:&#10;  - waiting for locator(&quot;textarea#chat-input, textarea&quot;) to be visible&quot;">tests/e2e/areas/test_chat.py:50: in chat_page
    page.wait_for_selector("textarea#chat-input, textarea", timeout=15_000)
/private/tmp/renfield-e2e-venv/lib/python3.14/site-packages/playwright/sync_api/_generated.py:8217: in wait_for_selector
    self._sync(
/private/tmp/renfield-e2e-venv/lib/python3.14/site-packages/playwright/_impl/_page.py:419: in wait_for_selector
    return await self._main_frame.wait_for_selector(**locals_to_params(locals()))
           ^^^^^^^^^^^^^^^^^^^^^^^^^^^^^^^^^^^^^^^^^^^^^^^^^^^^^^^^^^^^^^^^^^^^^^
/private/tmp/renfield-e2e-venv/lib/python3.14/site-packages/playwright/_impl/_frame.py:369: in wait_for_selector
    await self._channel.send(
/private/tmp/renfield-e2e-venv/lib/python3.14/site-packages/playwright/_impl/_connection.py:69: in send
    return await self._connection.wrap_api_call(
/private/tmp/renfield-e2e-venv/lib/python3.14/site-packages/playwright/_impl/_connection.py:559: in wrap_api_call
    raise rewrite_error(error, f"{parsed_st['apiName']}: {error}") from None
E   playwright._impl._errors.TimeoutError: Page.wait_for_selector: Timeout 15000ms exceeded.
E   Call log:
E     - waiting for locator("textarea#chat-input, textarea") to be visible</error></testcase><testcase classname="tests.e2e.areas.test_federation_audit.TestFederationAuditPage" name="test_page_loads" time="0.933" /><testcase classname="tests.e2e.areas.test_federation_audit.TestFederationAuditPage" name="test_audit_endpoint_returns_envelope" time="0.011" /><testcase classname="tests.e2e.areas.test_federation_audit.TestFederationAuditPage" name="test_triggers_audit_fetch_on_load" time="1.779" /><testcase classname="tests.e2e.areas.test_knowledge.TestKnowledgePageRenders" name="test_loads_with_stats_grid" time="1.008"><failure message="assert False&#10; +  where False = is_visible()&#10; +    where is_visible = &lt;Locator frame=&lt;Frame name= url='https://renfield.local/knowledge'&gt; selector='internal:text=&quot;Dokumente&quot;i &gt;&gt; nth=0'&gt;.is_visible&#10; +      where &lt;Locator frame=&lt;Frame name= url='https://renfield.local/knowledge'&gt; selector='internal:text=&quot;Dokumente&quot;i &gt;&gt; nth=0'&gt; = &lt;Locator frame=&lt;Frame name= url='https://renfield.local/knowledge'&gt; selector='internal:text=&quot;Dokumente&quot;i'&gt;.first&#10; +        where &lt;Locator frame=&lt;Frame name= url='https://renfield.local/knowledge'&gt; selector='internal:text=&quot;Dokumente&quot;i'&gt; = get_by_text('Dokumente', exact=False)&#10; +          where get_by_text = &lt;Page url='https://renfield.local/knowledge'&gt;.get_by_text">tests/e2e/areas/test_knowledge.py:86: in test_loads_with_stats_grid
    assert knowledge_page.get_by_text(
E   assert False
E    +  where False = is_visible()
E    +    where is_visible = &lt;Locator frame=&lt;Frame name= url='https://renfield.local/knowledge'&gt; selector='internal:text="Dokumente"i &gt;&gt; nth=0'&gt;.is_visible
E    +      where &lt;Locator frame=&lt;Frame name= url='https://renfield.local/knowledge'&gt; selector='internal:text="Dokumente"i &gt;&gt; nth=0'&gt; = &lt;Locator frame=&lt;Frame name= url='https://renfield.local/knowledge'&gt; selector='internal:text="Dokumente"i'&gt;.first
E    +        where &lt;Locator frame=&lt;Frame name= url='https://renfield.local/knowledge'&gt; selector='internal:text="Dokumente"i'&gt; = get_by_text('Dokumente', exact=False)
E    +          where get_by_text = &lt;Page url='https://renfield.local/knowledge'&gt;.get_by_text</failure></testcase><testcase classname="tests.e2e.areas.test_knowledge.TestKnowledgePageRenders" name="test_kb_list_endpoint_returns_array" time="0.010" /><testcase classname="tests.e2e.areas.test_knowledge.TestKnowledgePageRenders" name="test_documents_endpoint_returns_array" time="0.010" /><testcase classname="tests.e2e.areas.test_knowledge.TestKnowledgeUploadFlow" name="test_upload_pdf_appears_in_backend_list" time="62.085"><failure message="AssertionError: Document 30 has 0 chunks — ingestion produced no embeddings. Full doc row: {'id': 30, 'filename': 'e2e-knowledge.pdf', 'title': 'e2e-knowledge', 'file_type': 'pdf', 'file_size': 343, 'status': 'completed', 'error_message': None, 'chunk_count': 0, 'page_count': 1, 'knowledge_base_id': None, 'created_at': '2026-04-24T19:54:37.092232', 'processed_at': '2026-04-24T19:54:51.847170', 'stage': None, 'pages': None, 'queue_position': None}&#10;assert ((0 or 0)) &gt; 0&#10; +  where 0 = &lt;built-in method get of dict object at 0x113f59f80&gt;('chunk_count')&#10; +    where &lt;built-in method get of dict object at 0x113f59f80&gt; = {'id': 30, 'filename': 'e2e-knowledge.pdf', 'title': 'e2e-knowledge', 'file_type': 'pdf', 'file_size': 343, 'status': 'completed', 'error_message': None, 'chunk_count': 0, 'page_count': 1, 'knowledge_base_id': None, 'created_at': '2026-04-24T19:54:37.092232', 'processed_at': '2026-04-24T19:54:51.847170', 'stage': None, 'pages': None, 'queue_position': None}.get">tests/e2e/areas/test_knowledge.py:158: in test_upload_pdf_appears_in_backend_list
    assert (new_doc.get("chunk_count") or 0) &gt; 0, (
E   AssertionError: Document 30 has 0 chunks — ingestion produced no embeddings. Full doc row: {'id': 30, 'filename': 'e2e-knowledge.pdf', 'title': 'e2e-knowledge', 'file_type': 'pdf', 'file_size': 343, 'status': 'completed', 'error_message': None, 'chunk_count': 0, 'page_count': 1, 'knowledge_base_id': None, 'created_at': '2026-04-24T19:54:37.092232', 'processed_at': '2026-04-24T19:54:51.847170', 'stage': None, 'pages': None, 'queue_position': None}
E   assert ((0 or 0)) &gt; 0
E    +  where 0 = &lt;built-in method get of dict object at 0x113f59f80&gt;('chunk_count')
E    +    where &lt;built-in method get of dict object at 0x113f59f80&gt; = {'id': 30, 'filename': 'e2e-knowledge.pdf', 'title': 'e2e-knowledge', 'file_type': 'pdf', 'file_size': 343, 'status': 'completed', 'error_message': None, 'chunk_count': 0, 'page_count': 1, 'knowledge_base_id': None, 'created_at': '2026-04-24T19:54:37.092232', 'processed_at': '2026-04-24T19:54:51.847170', 'stage': None, 'pages': None, 'queue_position': None}.get</failure></testcase><testcase classname="tests.e2e.areas.test_knowledge.TestKnowledgeDelete" name="test_delete_document_removes_from_list" time="61.991"><failure message="AssertionError: Upload didn't ingest. marker=e2e-marker-1777060538-kaisergranat&#10;assert None is not None">tests/e2e/areas/test_knowledge.py:203: in test_delete_document_removes_from_list
    assert new_doc is not None, f"Upload didn't ingest. marker={marker}"
E   AssertionError: Upload didn't ingest. marker=e2e-marker-1777060538-kaisergranat
E   assert None is not None</failure></testcase><testcase classname="tests.e2e.areas.test_knowledge_graph.TestKnowledgeGraphRenders" name="test_page_loads" time="1.037" /><testcase classname="tests.e2e.areas.test_knowledge_graph.TestKnowledgeGraphRenders" name="test_entities_endpoint_returns_list" time="0.033" /><testcase classname="tests.e2e.areas.test_knowledge_graph.TestKnowledgeGraphRenders" name="test_relations_endpoint_returns_list" time="0.026" /><testcase classname="tests.e2e.areas.test_knowledge_graph.TestKnowledgeGraphRenders" name="test_stats_endpoint_has_counts" time="0.009" /><testcase classname="tests.e2e.areas.test_knowledge_graph.TestKnowledgeGraphRenders" name="test_circle_tiers_endpoint_returns_five_entries" time="0.005" /><testcase classname="tests.e2e.areas.test_knowledge_graph.TestKnowledgeGraphFetches" name="test_page_fetches_entities_on_load" time="1.879" /><testcase classname="tests.e2e.areas.test_knowledge_graph.TestKnowledgeGraphFetches" name="test_page_fetches_stats_on_load" time="16.044"><failure message="playwright._impl._errors.TimeoutError: Timeout 15000ms exceeded while waiting for event &quot;request&quot;&#10;=========================== logs ===========================&#10;waiting for request /api/knowledge-graph/stats&#10;============================================================">tests/e2e/areas/test_knowledge_graph.py:79: in test_page_fetches_stats_on_load
    with kg_page.expect_request(
/private/tmp/renfield-e2e-venv/lib/python3.14/site-packages/playwright/_impl/_sync_base.py:85: in __exit__
    self._event.value
/private/tmp/renfield-e2e-venv/lib/python3.14/site-packages/playwright/_impl/_sync_base.py:59: in value
    raise exception
E   playwright._impl._errors.TimeoutError: Timeout 15000ms exceeded while waiting for event "request"
E   =========================== logs ===========================
E   waiting for request /api/knowledge-graph/stats
E   ============================================================</failure></testcase><testcase classname="tests.e2e.areas.test_memory.TestMemoryPageRenders" name="test_page_loads" time="0.932"><failure message="AssertionError: assert False&#10; +  where False = is_visible()&#10; +    where is_visible = &lt;Locator frame=&lt;Frame name= url='https://renfield.local/memory'&gt; selector='internal:role=heading[name=/Erinnerungen|Memory/i] &gt;&gt; nth=0'&gt;.is_visible&#10; +      where &lt;Locator frame=&lt;Frame name= url='https://renfield.local/memory'&gt; selector='internal:role=heading[name=/Erinnerungen|Memory/i] &gt;&gt; nth=0'&gt; = &lt;Locator frame=&lt;Frame name= url='https://renfield.local/memory'&gt; selector='internal:role=heading[name=/Erinnerungen|Memory/i]'&gt;.first&#10; +        where &lt;Locator frame=&lt;Frame name= url='https://renfield.local/memory'&gt; selector='internal:role=heading[name=/Erinnerungen|Memory/i]'&gt; = get_by_role('heading', name=re.compile('Erinnerungen|Memory', re.IGNORECASE))&#10; +          where get_by_role = &lt;Page url='https://renfield.local/memory'&gt;.get_by_role&#10; +          and   re.compile('Erinnerungen|Memory', re.IGNORECASE) = &lt;function compile at 0x102a55900&gt;('Erinnerungen|Memory', re.IGNORECASE)&#10; +            where &lt;function compile at 0x102a55900&gt; = re.compile&#10; +            and   re.IGNORECASE = re.IGNORECASE">tests/e2e/areas/test_memory.py:51: in test_page_loads
    assert memory_page.get_by_role(
E   AssertionError: assert False
E    +  where False = is_visible()
E    +    where is_visible = &lt;Locator frame=&lt;Frame name= url='https://renfield.local/memory'&gt; selector='internal:role=heading[name=/Erinnerungen|Memory/i] &gt;&gt; nth=0'&gt;.is_visible
E    +      where &lt;Locator frame=&lt;Frame name= url='https://renfield.local/memory'&gt; selector='internal:role=heading[name=/Erinnerungen|Memory/i] &gt;&gt; nth=0'&gt; = &lt;Locator frame=&lt;Frame name= url='https://renfield.local/memory'&gt; selector='internal:role=heading[name=/Erinnerungen|Memory/i]'&gt;.first
E    +        where &lt;Locator frame=&lt;Frame name= url='https://renfield.local/memory'&gt; selector='internal:role=heading[name=/Erinnerungen|Memory/i]'&gt; = get_by_role('heading', name=re.compile('Erinnerungen|Memory', re.IGNORECASE))
E    +          where get_by_role = &lt;Page url='https://renfield.local/memory'&gt;.get_by_role
E    +          and   re.compile('Erinnerungen|Memory', re.IGNORECASE) = &lt;function compile at 0x102a55900&gt;('Erinnerungen|Memory', re.IGNORECASE)
E    +            where &lt;function compile at 0x102a55900&gt; = re.compile
E    +            and   re.IGNORECASE = re.IGNORECASE</failure></testcase><testcase classname="tests.e2e.areas.test_memory.TestMemoryPageRenders" name="test_memory_list_endpoint_responds" time="0.011" /><testcase classname="tests.e2e.areas.test_memory.TestMemoryCreateDelete" name="test_create_and_delete_memory_round_trip" time="0.219"><failure message="AssertionError: Marker 'e2e-mem-1777060619' not found in memory list after create&#10;assert False&#10; +  where False = any(&lt;generator object TestMemoryCreateDelete.test_create_and_delete_memory_round_trip.&lt;locals&gt;.&lt;genexpr&gt; at 0x114456020&gt;)">tests/e2e/areas/test_memory.py:83: in test_create_and_delete_memory_round_trip
    assert any(marker in (m.get("content") or "") for m in memories), (
E   AssertionError: Marker 'e2e-mem-1777060619' not found in memory list after create
E   assert False
E    +  where False = any(&lt;generator object TestMemoryCreateDelete.test_create_and_delete_memory_round_trip.&lt;locals&gt;.&lt;genexpr&gt; at 0x114456020&gt;)</failure><skipped type="pytest.skip" message="DELETE /api/memory/1 returned 404">/Users/evdb/projects.ai/renfield/tests/e2e/helpers/api.py:92: DELETE /api/memory/1 returned 404</skipped></testcase><testcase classname="tests.e2e.areas.test_memory.TestMemoryCreateDelete" name="test_created_memory_surfaces_in_ui" time="11.846"><failure message="playwright._impl._errors.TimeoutError: Page.wait_for_selector: Timeout 10000ms exceeded.&#10;Call log:&#10;  - waiting for locator(&quot;text=e2e-ui-mem-1777060621&quot;) to be visible">tests/e2e/areas/test_memory.py:110: in test_created_memory_surfaces_in_ui
    memory_page.wait_for_selector(f"text={marker}", timeout=10_000)
/private/tmp/renfield-e2e-venv/lib/python3.14/site-packages/playwright/sync_api/_generated.py:8217: in wait_for_selector
    self._sync(
/private/tmp/renfield-e2e-venv/lib/python3.14/site-packages/playwright/_impl/_page.py:419: in wait_for_selector
    return await self._main_frame.wait_for_selector(**locals_to_params(locals()))
           ^^^^^^^^^^^^^^^^^^^^^^^^^^^^^^^^^^^^^^^^^^^^^^^^^^^^^^^^^^^^^^^^^^^^^^
/private/tmp/renfield-e2e-venv/lib/python3.14/site-packages/playwright/_impl/_frame.py:369: in wait_for_selector
    await self._channel.send(
/private/tmp/renfield-e2e-venv/lib/python3.14/site-packages/playwright/_impl/_connection.py:69: in send
    return await self._connection.wrap_api_call(
/private/tmp/renfield-e2e-venv/lib/python3.14/site-packages/playwright/_impl/_connection.py:559: in wrap_api_call
    raise rewrite_error(error, f"{parsed_st['apiName']}: {error}") from None
E   playwright._impl._errors.TimeoutError: Page.wait_for_selector: Timeout 10000ms exceeded.
E   Call log:
E     - waiting for locator("text=e2e-ui-mem-1777060621") to be visible</failure><skipped type="pytest.skip" message="DELETE /api/memory/2 returned 404">/Users/evdb/projects.ai/renfield/tests/e2e/helpers/api.py:92: DELETE /api/memory/2 returned 404</skipped></testcase><testcase classname="tests.e2e.areas.test_rooms.TestRoomsPageRenders" name="test_page_loads" time="0.999" /><testcase classname="tests.e2e.areas.test_rooms.TestRoomsPageRenders" name="test_rooms_endpoint_responds" time="0.011" /><testcase classname="tests.e2e.areas.test_rooms.TestRoomsCreateDelete" name="test_create_and_delete_room_round_trip" time="0.064" /><testcase classname="tests.e2e.areas.test_rooms.TestRoomsCreateDelete" name="test_created_room_appears_in_ui" time="1.861" /><testcase classname="tests.e2e.areas.test_settings_circles.TestCirclesPageRenders" name="test_loads_and_shows_tier_labels" time="0.972" /><testcase classname="tests.e2e.areas.test_settings_circles.TestCirclesPageRenders" name="test_tier_labels_endpoint_returns_five_entries" time="0.009"><failure message="AssertionError: Expected 5 tiers, got 1: ['tiers']&#10;assert 1 == 5&#10; +  where 1 = len({'tiers': [{'tier': 0, 'name': 'self', 'label': 'Privat', 'description': 'Nur f\xfcr mich sichtbar.'}, {'tier': 1, 'name': 'trusted', 'label': 'Vertraut', 'description': 'F\xfcr vertraute Personen sichtbar.'}, {'tier': 2, 'name': 'household', 'label': 'Haushalt', 'description': 'F\xfcr den ganzen Haushalt sichtbar.'}, {'tier': 3, 'name': 'extended', 'label': 'Erweitert', 'description': 'F\xfcr den erweiterten Kreis sichtbar.'}, {'tier': 4, 'name': 'public', 'label': '\xd6ffentlich', 'description': '\xd6ffentlich sichtbar.'}]})">tests/e2e/areas/test_settings_circles.py:101: in test_tier_labels_endpoint_returns_five_entries
    assert len(tiers) == 5, f"Expected 5 tiers, got {len(tiers)}: {list(tiers)}"
E   AssertionError: Expected 5 tiers, got 1: ['tiers']
E   assert 1 == 5
E    +  where 1 = len({'tiers': [{'tier': 0, 'name': 'self', 'label': 'Privat', 'description': 'Nur f\xfcr mich sichtbar.'}, {'tier': 1, 'name': 'trusted', 'label': 'Vertraut', 'description': 'F\xfcr vertraute Personen sichtbar.'}, {'tier': 2, 'name': 'household', 'label': 'Haushalt', 'description': 'F\xfcr den ganzen Haushalt sichtbar.'}, {'tier': 3, 'name': 'extended', 'label': 'Erweitert', 'description': 'F\xfcr den erweiterten Kreis sichtbar.'}, {'tier': 4, 'name': 'public', 'label': '\xd6ffentlich', 'description': '\xd6ffentlich sichtbar.'}]})</failure></testcase><testcase classname="tests.e2e.areas.test_settings_circles.TestCircleMembers" name="test_add_member_at_tier_trusted_persists" time="0.018"><skipped type="pytest.skip" message="add_member unavailable: 422">/Users/evdb/projects.ai/renfield/tests/e2e/areas/test_settings_circles.py:133: add_member unavailable: 422</skipped></testcase><testcase classname="tests.e2e.areas.test_settings_circles.TestCirclesUIControls" name="test_has_member_management_controls" time="0.987" /><testcase classname="tests.e2e.areas.test_smart_home.TestSmartHomePage" name="test_page_loads" time="1.647" /><testcase classname="tests.e2e.areas.test_smart_home.TestSmartHomePage" name="test_states_endpoint_responds" time="0.033"><skipped type="pytest.skip" message="states endpoint returned unexpected shape">/Users/evdb/projects.ai/renfield/tests/e2e/areas/test_smart_home.py:44: states endpoint returned unexpected shape</skipped></testcase><testcase classname="tests.e2e.areas.test_smart_home.TestSmartHomePage" name="test_page_fetches_states_on_load" time="2.496" /><testcase classname="tests.e2e.areas.test_speakers.TestSpeakersPageRenders" name="test_page_loads" time="0.968" /><testcase classname="tests.e2e.areas.test_speakers.TestSpeakersPageRenders" name="test_speakers_endpoint_returns_list" time="0.010" /><testcase classname="tests.e2e.areas.test_speakers.TestSpeakersPageRenders" name="test_speaker_status_endpoint" time="0.006" /><testcase classname="tests.e2e.areas.test_speakers.TestSpeakersCRUD" name="test_create_rename_delete_speaker" time="0.007"><skipped type="pytest.skip" message="create_speaker schema/auth: Client error '422 Unprocessable Entity' for url 'https://renfield.local/api/speakers'&#10;For more information check: https://developer.mozilla.org/en-US/docs/Web/HTTP/Status/422">/Users/evdb/projects.ai/renfield/tests/e2e/areas/test_speakers.py:72: create_speaker schema/auth: Client error '422 Unprocessable Entity' for url 'https://renfield.local/api/speakers'
For more information check: https://developer.mozilla.org/en-US/docs/Web/HTTP/Status/422</skipped></testcase><testcase classname="tests.e2e.areas.test_speakers.TestSpeakersCRUD" name="test_created_speaker_appears_in_ui" time="0.961"><skipped type="pytest.skip" message="create_speaker schema/auth: Client error '422 Unprocessable Entity' for url 'https://renfield.local/api/speakers'&#10;For more information check: https://developer.mozilla.org/en-US/docs/Web/HTTP/Status/422">/Users/evdb/projects.ai/renfield/tests/e2e/areas/test_speakers.py:99: create_speaker schema/auth: Client error '422 Unprocessable Entity' for url 'https://renfield.local/api/speakers'
For more information check: https://developer.mozilla.org/en-US/docs/Web/HTTP/Status/422</skipped></testcase><testcase classname="tests.e2e.areas.test_tasks.TestTasksPageRenders" name="test_page_loads_and_lists_tasks" time="0.929" /><testcase classname="tests.e2e.areas.test_tasks.TestTasksPageRenders" name="test_backend_tasks_endpoint_responds" time="0.010" /><testcase classname="tests.e2e.areas.test_tasks.TestTasksAPIRoundTrip" name="test_create_task_via_api_appears_in_list" time="0.007"><skipped type="pytest.skip" message="create_task schema mismatch or unauthenticated: Client error '422 Unprocessable Entity' for url 'https://renfield.local/api/tasks/create'&#10;For more information check: https://developer.mozilla.org/en-US/docs/Web/HTTP/Status/422">/Users/evdb/projects.ai/renfield/tests/e2e/areas/test_tasks.py:79: create_task schema mismatch or unauthenticated: Client error '422 Unprocessable Entity' for url 'https://renfield.local/api/tasks/create'
For more information check: https://developer.mozilla.org/en-US/docs/Web/HTTP/Status/422</skipped></testcase><testcase classname="tests.e2e.areas.test_tasks.TestTasksAPIRoundTrip" name="test_created_task_appears_in_ui" time="0.960"><skipped type="pytest.skip" message="create_task schema or auth: Client error '422 Unprocessable Entity' for url 'https://renfield.local/api/tasks/create'&#10;For more information check: https://developer.mozilla.org/en-US/docs/Web/HTTP/Status/422">/Users/evdb/projects.ai/renfield/tests/e2e/areas/test_tasks.py:97: create_task schema or auth: Client error '422 Unprocessable Entity' for url 'https://renfield.local/api/tasks/create'
For more information check: https://developer.mozilla.org/en-US/docs/Web/HTTP/Status/422</skipped></testcase></testsuite></testsuites>