<?xml version="1.0" encoding="utf-8"?><testsuites name="pytest tests"><testsuite name="pytest" errors="0" failures="13" skipped="19" tests="105" time="274.894" timestamp="2026-04-24T22:30:00.823961+02:00" hostname="demeter.local"><testcase classname="tests.e2e.areas.test_admin_integrations.TestIntegrationsPage" name="test_page_loads" time="1.347" /><testcase classname="tests.e2e.areas.test_admin_integrations.TestIntegrationsPage" name="test_mcp_status_endpoint_returns_shape" time="0.025" /><testcase classname="tests.e2e.areas.test_admin_integrations.TestIntegrationsPage" name="test_mcp_tools_endpoint_returns_list" time="0.015" /><testcase classname="tests.e2e.areas.test_admin_integrations.TestIntegrationsPage" name="test_page_fetches_mcp_status_on_load" time="1.823" /><testcase classname="tests.e2e.areas.test_admin_integrations.TestIntegrationsPage" name="test_refresh_button_issues_post" time="1.038" /><testcase classname="tests.e2e.areas.test_admin_intents.TestIntentsPage" name="test_page_loads" time="1.113" /><testcase classname="tests.e2e.areas.test_admin_intents.TestIntentsPage" name="test_intents_status_endpoint" time="0.009"><failure message="assert False&#10; +  where False = any(&lt;generator object TestIntentsPage.test_intents_status_endpoint.&lt;locals&gt;.&lt;genexpr&gt; at 0x106ecea40&gt;)">tests/e2e/areas/test_admin_intents.py:43: in test_intents_status_endpoint
    assert any(k in result for k in
E   assert False
E    +  where False = any(&lt;generator object TestIntentsPage.test_intents_status_endpoint.&lt;locals&gt;.&lt;genexpr&gt; at 0x106ecea40&gt;)</failure></testcase><testcase classname="tests.e2e.areas.test_admin_intents.TestIntentsPage" name="test_page_fetches_intents_status_on_load" time="1.930" /><testcase classname="tests.e2e.areas.test_admin_intents.TestIntentsPage" name="test_prompt_endpoint_responds" time="0.007" /><testcase classname="tests.e2e.areas.test_admin_maintenance.TestMaintenancePage" name="test_page_loads" time="0.961" /><testcase classname="tests.e2e.areas.test_admin_maintenance.TestMaintenancePage" name="test_maintenance_buttons_present" time="0.954" /><testcase classname="tests.e2e.areas.test_admin_maintenance.TestMaintenancePage" name="test_reindex_button_issues_post_when_clicked" time="1.045" /><testcase classname="tests.e2e.areas.test_admin_paperless_audit.TestPaperlessAuditPage" name="test_page_loads" time="0.941" /><testcase classname="tests.e2e.areas.test_admin_paperless_audit.TestPaperlessAuditPage" name="test_status_endpoint_responds" time="0.008" /><testcase classname="tests.e2e.areas.test_admin_paperless_audit.TestPaperlessAuditPage" name="test_stats_endpoint_has_counts" time="0.017" /><testcase classname="tests.e2e.areas.test_admin_paperless_audit.TestPaperlessAuditPage" name="test_page_fetches_status_on_load" time="1.795" /><testcase classname="tests.e2e.areas.test_admin_presence.TestPresencePage" name="test_page_loads" time="0.959" /><testcase classname="tests.e2e.areas.test_admin_presence.TestPresencePage" name="test_status_endpoint" time="0.007" /><testcase classname="tests.e2e.areas.test_admin_presence.TestPresencePage" name="test_rooms_endpoint_returns_list" time="0.008" /><testcase classname="tests.e2e.areas.test_admin_presence.TestPresencePage" name="test_devices_endpoint_returns_list" time="0.008" /><testcase classname="tests.e2e.areas.test_admin_presence.TestPresencePage" name="test_page_fetches_rooms_on_load" time="1.818" /><testcase classname="tests.e2e.areas.test_admin_roles.TestRolesPageRenders" name="test_page_loads" time="0.967"><failure message="AssertionError: assert False&#10; +  where False = is_visible()&#10; +    where is_visible = &lt;Locator frame=&lt;Frame name= url='https://renfield.local/admin/roles'&gt; selector='internal:role=heading[name=/Rollen|Roles/i] &gt;&gt; nth=0'&gt;.is_visible&#10; +      where &lt;Locator frame=&lt;Frame name= url='https://renfield.local/admin/roles'&gt; selector='internal:role=heading[name=/Rollen|Roles/i] &gt;&gt; nth=0'&gt; = &lt;Locator frame=&lt;Frame name= url='https://renfield.local/admin/roles'&gt; selector='internal:role=heading[name=/Rollen|Roles/i]'&gt;.first&#10; +        where &lt;Locator frame=&lt;Frame name= url='https://renfield.local/admin/roles'&gt; selector='internal:role=heading[name=/Rollen|Roles/i]'&gt; = get_by_role('heading', name=re.compile('Rollen|Roles', re.IGNORECASE))&#10; +          where get_by_role = &lt;Page url='https://renfield.local/admin/roles'&gt;.get_by_role&#10; +          and   re.compile('Rollen|Roles', re.IGNORECASE) = &lt;function compile at 0x102ff9900&gt;('Rollen|Roles', re.IGNORECASE)&#10; +            where &lt;function compile at 0x102ff9900&gt; = re.compile&#10; +            and   re.IGNORECASE = re.IGNORECASE">tests/e2e/areas/test_admin_roles.py:50: in test_page_loads
    assert roles_page.get_by_role(
E   AssertionError: assert False
E    +  where False = is_visible()
E    +    where is_visible = &lt;Locator frame=&lt;Frame name= url='https://renfield.local/admin/roles'&gt; selector='internal:role=heading[name=/Rollen|Roles/i] &gt;&gt; nth=0'&gt;.is_visible
E    +      where &lt;Locator frame=&lt;Frame name= url='https://renfield.local/admin/roles'&gt; selector='internal:role=heading[name=/Rollen|Roles/i] &gt;&gt; nth=0'&gt; = &lt;Locator frame=&lt;Frame name= url='https://renfield.local/admin/roles'&gt; selector='internal:role=heading[name=/Rollen|Roles/i]'&gt;.first
E    +        where &lt;Locator frame=&lt;Frame name= url='https://renfield.local/admin/roles'&gt; selector='internal:role=heading[name=/Rollen|Roles/i]'&gt; = get_by_role('heading', name=re.compile('Rollen|Roles', re.IGNORECASE))
E    +          where get_by_role = &lt;Page url='https://renfield.local/admin/roles'&gt;.get_by_role
E    +          and   re.compile('Rollen|Roles', re.IGNORECASE) = &lt;function compile at 0x102ff9900&gt;('Rollen|Roles', re.IGNORECASE)
E    +            where &lt;function compile at 0x102ff9900&gt; = re.compile
E    +            and   re.IGNORECASE = re.IGNORECASE</failure></testcase><testcase classname="tests.e2e.areas.test_admin_roles.TestRolesPageRenders" name="test_roles_endpoint_returns_list" time="0.010" /><testcase classname="tests.e2e.areas.test_admin_roles.TestRolesPageRenders" name="test_permissions_endpoint_returns_list" time="0.007" /><testcase classname="tests.e2e.areas.test_admin_roles.TestRolesCRUD" name="test_create_and_delete_role" time="0.009"><skipped type="pytest.skip" message="create_role schema/auth: Client error '400 Bad Request' for url 'https://renfield.local/api/roles'&#10;For more information check: https://developer.mozilla.org/en-US/docs/Web/HTTP/Status/400">/Users/evdb/projects.ai/renfield/tests/e2e/areas/test_admin_roles.py:75: create_role schema/auth: Client error '400 Bad Request' for url 'https://renfield.local/api/roles'
For more information check: https://developer.mozilla.org/en-US/docs/Web/HTTP/Status/400</skipped></testcase><testcase classname="tests.e2e.areas.test_admin_roles.TestRolesCRUD" name="test_created_role_appears_in_ui" time="0.980"><skipped type="pytest.skip" message="create_role schema/auth: Client error '400 Bad Request' for url 'https://renfield.local/api/roles'&#10;For more information check: https://developer.mozilla.org/en-US/docs/Web/HTTP/Status/400">/Users/evdb/projects.ai/renfield/tests/e2e/areas/test_admin_roles.py:101: create_role schema/auth: Client error '400 Bad Request' for url 'https://renfield.local/api/roles'
For more information check: https://developer.mozilla.org/en-US/docs/Web/HTTP/Status/400</skipped></testcase><testcase classname="tests.e2e.areas.test_admin_routing.TestRoutingDashboard" name="test_page_loads" time="0.936" /><testcase classname="tests.e2e.areas.test_admin_routing.TestRoutingDashboard" name="test_routing_traces_endpoint" time="0.008"><skipped type="pytest.skip" message="GET /api/admin/routing-traces returned 404">/Users/evdb/projects.ai/renfield/tests/e2e/helpers/api.py:53: GET /api/admin/routing-traces returned 404</skipped></testcase><testcase classname="tests.e2e.areas.test_admin_routing.TestRoutingDashboard" name="test_routing_stats_endpoint" time="0.007"><skipped type="pytest.skip" message="GET /api/admin/routing-stats returned 404">/Users/evdb/projects.ai/renfield/tests/e2e/helpers/api.py:53: GET /api/admin/routing-stats returned 404</skipped></testcase><testcase classname="tests.e2e.areas.test_admin_routing.TestRoutingDashboard" name="test_page_fetches_traces_on_load" time="1.752"><failure message="AssertionError: Critical console errors on this page:&#10;  - Failed to load resource: the server responded with a status of 404 ()&#10;  - Failed to load resource: the server responded with a status of 404 ()&#10;  - API Error: ke&#10;  - Failed to fetch routing data: ke&#10;  - API Error: ke">tests/e2e/areas/test_admin_routing.py:59: in test_page_fetches_traces_on_load
    assert_no_critical_console_errors(get_errors())
tests/e2e/helpers/asserts.py:34: in assert_no_critical_console_errors
    assert not critical, (
           ^^^^^^^^^^^^
E   AssertionError: Critical console errors on this page:
E     - Failed to load resource: the server responded with a status of 404 ()
E     - Failed to load resource: the server responded with a status of 404 ()
E     - API Error: ke
E     - Failed to fetch routing data: ke
E     - API Error: ke</failure></testcase><testcase classname="tests.e2e.areas.test_admin_satellites.TestSatellitesPage" name="test_page_loads" time="0.943" /><testcase classname="tests.e2e.areas.test_admin_satellites.TestSatellitesPage" name="test_satellites_endpoint_returns_envelope" time="0.008" /><testcase classname="tests.e2e.areas.test_admin_satellites.TestSatellitesPage" name="test_versions_endpoint_responds" time="0.007" /><testcase classname="tests.e2e.areas.test_admin_satellites.TestSatellitesPage" name="test_page_fetches_satellites_on_load" time="1.747" /><testcase classname="tests.e2e.areas.test_admin_settings.TestAdminSettingsPage" name="test_page_loads" time="0.944" /><testcase classname="tests.e2e.areas.test_admin_settings.TestAdminSettingsPage" name="test_wakeword_settings_endpoint_responds" time="0.009" /><testcase classname="tests.e2e.areas.test_admin_settings.TestAdminSettingsPage" name="test_wakeword_models_endpoint_returns_list" time="0.006" /><testcase classname="tests.e2e.areas.test_admin_settings.TestAdminSettingsPage" name="test_page_fetches_wakeword_on_load" time="1.800" /><testcase classname="tests.e2e.areas.test_admin_users.TestAdminUsersPageRenders" name="test_loads_without_crash" time="0.939"><failure message="AssertionError: assert False&#10; +  where False = is_visible()&#10; +    where is_visible = &lt;Locator frame=&lt;Frame name= url='https://renfield.local/admin/users'&gt; selector='internal:role=heading[name=/Benutzer|Users/i] &gt;&gt; nth=0'&gt;.is_visible&#10; +      where &lt;Locator frame=&lt;Frame name= url='https://renfield.local/admin/users'&gt; selector='internal:role=heading[name=/Benutzer|Users/i] &gt;&gt; nth=0'&gt; = &lt;Locator frame=&lt;Frame name= url='https://renfield.local/admin/users'&gt; selector='internal:role=heading[name=/Benutzer|Users/i]'&gt;.first&#10; +        where &lt;Locator frame=&lt;Frame name= url='https://renfield.local/admin/users'&gt; selector='internal:role=heading[name=/Benutzer|Users/i]'&gt; = get_by_role('heading', name=re.compile('Benutzer|Users', re.IGNORECASE))&#10; +          where get_by_role = &lt;Page url='https://renfield.local/admin/users'&gt;.get_by_role&#10; +          and   re.compile('Benutzer|Users', re.IGNORECASE) = &lt;function compile at 0x102ff9900&gt;('Benutzer|Users', re.IGNORECASE)&#10; +            where &lt;function compile at 0x102ff9900&gt; = re.compile&#10; +            and   re.IGNORECASE = re.IGNORECASE">tests/e2e/areas/test_admin_users.py:50: in test_loads_without_crash
    assert admin_users_page.get_by_role(
E   AssertionError: assert False
E    +  where False = is_visible()
E    +    where is_visible = &lt;Locator frame=&lt;Frame name= url='https://renfield.local/admin/users'&gt; selector='internal:role=heading[name=/Benutzer|Users/i] &gt;&gt; nth=0'&gt;.is_visible
E    +      where &lt;Locator frame=&lt;Frame name= url='https://renfield.local/admin/users'&gt; selector='internal:role=heading[name=/Benutzer|Users/i] &gt;&gt; nth=0'&gt; = &lt;Locator frame=&lt;Frame name= url='https://renfield.local/admin/users'&gt; selector='internal:role=heading[name=/Benutzer|Users/i]'&gt;.first
E    +        where &lt;Locator frame=&lt;Frame name= url='https://renfield.local/admin/users'&gt; selector='internal:role=heading[name=/Benutzer|Users/i]'&gt; = get_by_role('heading', name=re.compile('Benutzer|Users', re.IGNORECASE))
E    +          where get_by_role = &lt;Page url='https://renfield.local/admin/users'&gt;.get_by_role
E    +          and   re.compile('Benutzer|Users', re.IGNORECASE) = &lt;function compile at 0x102ff9900&gt;('Benutzer|Users', re.IGNORECASE)
E    +            where &lt;function compile at 0x102ff9900&gt; = re.compile
E    +            and   re.IGNORECASE = re.IGNORECASE</failure></testcase><testcase classname="tests.e2e.areas.test_admin_users.TestAdminUsersPageRenders" name="test_list_endpoint_returns_envelope" time="0.012" /><testcase classname="tests.e2e.areas.test_admin_users.TestAdminUsersCRUD" name="test_create_and_delete_user_via_api" time="0.007"><skipped type="pytest.skip" message="create_user schema/auth: Client error '422 Unprocessable Entity' for url 'https://renfield.local/api/users'&#10;For more information check: https://developer.mozilla.org/en-US/docs/Web/HTTP/Status/422">/Users/evdb/projects.ai/renfield/tests/e2e/areas/test_admin_users.py:72: create_user schema/auth: Client error '422 Unprocessable Entity' for url 'https://renfield.local/api/users'
For more information check: https://developer.mozilla.org/en-US/docs/Web/HTTP/Status/422</skipped></testcase><testcase classname="tests.e2e.areas.test_admin_users.TestAdminUsersCRUD" name="test_created_user_appears_in_ui_table" time="0.934"><skipped type="pytest.skip" message="create_user schema/auth: Client error '422 Unprocessable Entity' for url 'https://renfield.local/api/users'&#10;For more information check: https://developer.mozilla.org/en-US/docs/Web/HTTP/Status/422">/Users/evdb/projects.ai/renfield/tests/e2e/areas/test_admin_users.py:103: create_user schema/auth: Client error '422 Unprocessable Entity' for url 'https://renfield.local/api/users'
For more information check: https://developer.mozilla.org/en-US/docs/Web/HTTP/Status/422</skipped></testcase><testcase classname="tests.e2e.areas.test_brain.TestBrainPageRenders" name="test_page_loads" time="0.935" /><testcase classname="tests.e2e.areas.test_brain.TestBrainPageRenders" name="test_search_input_is_present" time="0.926"><failure message="AssertionError: No search input visible on /brain&#10;assert False&#10; +  where False = is_visible()&#10; +    where is_visible = &lt;Locator frame=&lt;Frame name= url='https://renfield.local/brain'&gt; selector=&quot;input[type='search'], input[placeholder*='uche'], input[placeholder*='earch'], textarea &gt;&gt; nth=0&quot;&gt;.is_visible">tests/e2e/areas/test_brain.py:50: in test_search_input_is_present
    assert search.is_visible(), "No search input visible on /brain"
E   AssertionError: No search input visible on /brain
E   assert False
E    +  where False = is_visible()
E    +    where is_visible = &lt;Locator frame=&lt;Frame name= url='https://renfield.local/brain'&gt; selector="input[type='search'], input[placeholder*='uche'], input[placeholder*='earch'], textarea &gt;&gt; nth=0"&gt;.is_visible</failure></testcase><testcase classname="tests.e2e.areas.test_brain.TestBrainPageRenders" name="test_atoms_endpoint_returns_list" time="2.362" /><testcase classname="tests.e2e.areas.test_brain.TestBrainSearch" name="test_empty_search_does_not_crash" time="30.920"><failure message="playwright._impl._errors.TimeoutError: Locator.fill: Timeout 30000ms exceeded.&#10;Call log:&#10;  - waiting for locator(&quot;input[type='search'], input[placeholder*='uche'], input[placeholder*='earch'], textarea&quot;).first">tests/e2e/areas/test_brain.py:70: in test_empty_search_does_not_crash
    search.fill("")
/private/tmp/renfield-e2e-venv/lib/python3.14/site-packages/playwright/sync_api/_generated.py:15983: in fill
    self._sync(
/private/tmp/renfield-e2e-venv/lib/python3.14/site-packages/playwright/_impl/_locator.py:215: in fill
    return await self._frame.fill(self._selector, strict=True, **params)
           ^^^^^^^^^^^^^^^^^^^^^^^^^^^^^^^^^^^^^^^^^^^^^^^^^^^^^^^^^^^^^
/private/tmp/renfield-e2e-venv/lib/python3.14/site-packages/playwright/_impl/_frame.py:607: in fill
    await self._fill(**locals_to_params(locals()))
/private/tmp/renfield-e2e-venv/lib/python3.14/site-packages/playwright/_impl/_frame.py:619: in _fill
    await self._channel.send("fill", self._timeout, locals_to_params(locals()))
/private/tmp/renfield-e2e-venv/lib/python3.14/site-packages/playwright/_impl/_connection.py:69: in send
    return await self._connection.wrap_api_call(
/private/tmp/renfield-e2e-venv/lib/python3.14/site-packages/playwright/_impl/_connection.py:559: in wrap_api_call
    raise rewrite_error(error, f"{parsed_st['apiName']}: {error}") from None
E   playwright._impl._errors.TimeoutError: Locator.fill: Timeout 30000ms exceeded.
E   Call log:
E     - waiting for locator("input[type='search'], input[placeholder*='uche'], input[placeholder*='earch'], textarea").first</failure></testcase><testcase classname="tests.e2e.areas.test_brain.TestBrainSearch" name="test_keyword_search_request_issues" time="30.931"><failure message="playwright._impl._errors.TimeoutError: Locator.fill: Timeout 30000ms exceeded.&#10;Call log:&#10;  - waiting for locator(&quot;input[type='search'], input[placeholder*='uche'], input[placeholder*='earch'], textarea&quot;).first">tests/e2e/areas/test_brain.py:88: in test_keyword_search_request_issues
    search.fill("rechnung")
/private/tmp/renfield-e2e-venv/lib/python3.14/site-packages/playwright/sync_api/_generated.py:15983: in fill
    self._sync(
/private/tmp/renfield-e2e-venv/lib/python3.14/site-packages/playwright/_impl/_locator.py:215: in fill
    return await self._frame.fill(self._selector, strict=True, **params)
           ^^^^^^^^^^^^^^^^^^^^^^^^^^^^^^^^^^^^^^^^^^^^^^^^^^^^^^^^^^^^^
/private/tmp/renfield-e2e-venv/lib/python3.14/site-packages/playwright/_impl/_frame.py:607: in fill
    await self._fill(**locals_to_params(locals()))
/private/tmp/renfield-e2e-venv/lib/python3.14/site-packages/playwright/_impl/_frame.py:619: in _fill
    await self._channel.send("fill", self._timeout, locals_to_params(locals()))
/private/tmp/renfield-e2e-venv/lib/python3.14/site-packages/playwright/_impl/_connection.py:69: in send
    return await self._connection.wrap_api_call(
/private/tmp/renfield-e2e-venv/lib/python3.14/site-packages/playwright/_impl/_connection.py:559: in wrap_api_call
    raise rewrite_error(error, f"{parsed_st['apiName']}: {error}") from None
E   playwright._impl._errors.TimeoutError: Locator.fill: Timeout 30000ms exceeded.
E   Call log:
E     - waiting for locator("input[type='search'], input[placeholder*='uche'], input[placeholder*='earch'], textarea").first</failure></testcase><testcase classname="tests.e2e.areas.test_brain_review.TestBrainReviewPageRenders" name="test_page_loads" time="1.191" /><testcase classname="tests.e2e.areas.test_brain_review.TestBrainReviewPageRenders" name="test_review_queue_endpoint_responds" time="0.042" /><testcase classname="tests.e2e.areas.test_brain_review.TestBrainReviewEmptyState" name="test_empty_queue_shows_clean_empty_state" time="1.198" /><testcase classname="tests.e2e.areas.test_camera.TestCameraPage" name="test_page_loads" time="0.944" /><testcase classname="tests.e2e.areas.test_camera.TestCameraPage" name="test_cameras_endpoint_returns_list" time="0.012" /><testcase classname="tests.e2e.areas.test_camera.TestCameraPage" name="test_page_fetches_cameras_on_load" time="1.787" /><testcase classname="tests.e2e.areas.test_camera.TestCameraPage" name="test_page_fetches_events_on_load" time="1.774" /><testcase classname="tests.e2e.areas.test_chat.TestChatPageRenders" name="test_loads_and_shows_empty_state" time="0.651"><failure message="assert False&#10; +  where False = is_visible()&#10; +    where is_visible = &lt;Locator frame=&lt;Frame name= url='https://renfield.local/'&gt; selector='internal:text=&quot;Starte ein Gespr\\u00e4ch mit Renfield&quot;i'&gt;.is_visible&#10; +      where &lt;Locator frame=&lt;Frame name= url='https://renfield.local/'&gt; selector='internal:text=&quot;Starte ein Gespr\\u00e4ch mit Renfield&quot;i'&gt; = get_by_text('Starte ein Gespr\xe4ch mit Renfield')&#10; +        where get_by_text = &lt;Page url='https://renfield.local/'&gt;.get_by_text">tests/e2e/areas/test_chat.py:137: in test_loads_and_shows_empty_state
    assert chat_page.get_by_text(
E   assert False
E    +  where False = is_visible()
E    +    where is_visible = &lt;Locator frame=&lt;Frame name= url='https://renfield.local/'&gt; selector='internal:text="Starte ein Gespr\\u00e4ch mit Renfield"i'&gt;.is_visible
E    +      where &lt;Locator frame=&lt;Frame name= url='https://renfield.local/'&gt; selector='internal:text="Starte ein Gespr\\u00e4ch mit Renfield"i'&gt; = get_by_text('Starte ein Gespr\xe4ch mit Renfield')
E    +        where get_by_text = &lt;Page url='https://renfield.local/'&gt;.get_by_text</failure></testcase><testcase classname="tests.e2e.areas.test_chat.TestChatPageRenders" name="test_input_controls_present_and_enabled" time="0.640"><failure message="AssertionError: assert False&#10; +  where False = is_visible()&#10; +    where is_visible = &lt;Locator frame=&lt;Frame name= url='https://renfield.local/'&gt; selector='internal:role=button[name=/Datei anh/i]'&gt;.is_visible&#10; +      where &lt;Locator frame=&lt;Frame name= url='https://renfield.local/'&gt; selector='internal:role=button[name=/Datei anh/i]'&gt; = get_by_role('button', name=re.compile('Datei anh', re.IGNORECASE))&#10; +        where get_by_role = &lt;Page url='https://renfield.local/'&gt;.get_by_role&#10; +        and   re.compile('Datei anh', re.IGNORECASE) = &lt;function compile at 0x102ff9900&gt;('Datei anh', re.IGNORECASE)&#10; +          where &lt;function compile at 0x102ff9900&gt; = re.compile&#10; +          and   re.IGNORECASE = re.IGNORECASE">tests/e2e/areas/test_chat.py:156: in test_input_controls_present_and_enabled
    assert chat_page.get_by_role(
E   AssertionError: assert False
E    +  where False = is_visible()
E    +    where is_visible = &lt;Locator frame=&lt;Frame name= url='https://renfield.local/'&gt; selector='internal:role=button[name=/Datei anh/i]'&gt;.is_visible
E    +      where &lt;Locator frame=&lt;Frame name= url='https://renfield.local/'&gt; selector='internal:role=button[name=/Datei anh/i]'&gt; = get_by_role('button', name=re.compile('Datei anh', re.IGNORECASE))
E    +        where get_by_role = &lt;Page url='https://renfield.local/'&gt;.get_by_role
E    +        and   re.compile('Datei anh', re.IGNORECASE) = &lt;function compile at 0x102ff9900&gt;('Datei anh', re.IGNORECASE)
E    +          where &lt;function compile at 0x102ff9900&gt; = re.compile
E    +          and   re.IGNORECASE = re.IGNORECASE</failure></testcase><testcase classname="tests.e2e.areas.test_chat.TestChatPageRenders" name="test_websocket_connects" time="15.633"><failure message="playwright._impl._errors.TimeoutError: Page.wait_for_selector: Timeout 15000ms exceeded.&#10;Call log:&#10;  - waiting for locator(&quot;text=Verbunden&quot;) to be visible">tests/e2e/areas/test_chat.py:173: in test_websocket_connects
    chat_page.wait_for_selector(
/private/tmp/renfield-e2e-venv/lib/python3.14/site-packages/playwright/sync_api/_generated.py:8217: in wait_for_selector
    self._sync(
/private/tmp/renfield-e2e-venv/lib/python3.14/site-packages/playwright/_impl/_page.py:419: in wait_for_selector
    return await self._main_frame.wait_for_selector(**locals_to_params(locals()))
           ^^^^^^^^^^^^^^^^^^^^^^^^^^^^^^^^^^^^^^^^^^^^^^^^^^^^^^^^^^^^^^^^^^^^^^
/private/tmp/renfield-e2e-venv/lib/python3.14/site-packages/playwright/_impl/_frame.py:369: in wait_for_selector
    await self._channel.send(
/private/tmp/renfield-e2e-venv/lib/python3.14/site-packages/playwright/_impl/_connection.py:69: in send
    return await self._connection.wrap_api_call(
/private/tmp/renfield-e2e-venv/lib/python3.14/site-packages/playwright/_impl/_connection.py:559: in wrap_api_call
    raise rewrite_error(error, f"{parsed_st['apiName']}: {error}") from None
E   playwright._impl._errors.TimeoutError: Page.wait_for_selector: Timeout 15000ms exceeded.
E   Call log:
E     - waiting for locator("text=Verbunden") to be visible</failure></testcase><testcase classname="tests.e2e.areas.test_chat.TestChatSendMessage" name="test_send_simple_question_gets_reply" time="8.634"><skipped type="pytest.skip" message="Chat WebSocket did not connect in this browser/cert combination — WS-dependent send tests skipped. Add a trusted TLS cert or run against a deploy with one.">/Users/evdb/projects.ai/renfield/tests/e2e/areas/test_chat.py:201: Chat WebSocket did not connect in this browser/cert combination — WS-dependent send tests skipped. Add a trusted TLS cert or run against a deploy with one.</skipped></testcase><testcase classname="tests.e2e.areas.test_chat.TestChatSendMessage" name="test_new_chat_button_resets_transcript" time="8.648"><skipped type="pytest.skip" message="Chat WebSocket did not connect in this browser/cert combination — WS-dependent send tests skipped. Add a trusted TLS cert or run against a deploy with one.">/Users/evdb/projects.ai/renfield/tests/e2e/areas/test_chat.py:242: Chat WebSocket did not connect in this browser/cert combination — WS-dependent send tests skipped. Add a trusted TLS cert or run against a deploy with one.</skipped></testcase><testcase classname="tests.e2e.areas.test_chat.TestChatFileUploadToPaperless" name="test_chat_upload_forwards_with_extracted_metadata" time="8.649"><skipped type="pytest.skip" message="Chat WebSocket did not connect in this browser/cert combination — WS-dependent send tests skipped. Add a trusted TLS cert or run against a deploy with one.">/Users/evdb/projects.ai/renfield/tests/e2e/areas/test_chat.py:285: Chat WebSocket did not connect in this browser/cert combination — WS-dependent send tests skipped. Add a trusted TLS cert or run against a deploy with one.</skipped></testcase><testcase classname="tests.e2e.areas.test_chat.TestChatFileUploadToPaperless" name="test_upload_rejects_oversized_file" time="0.902" /><testcase classname="tests.e2e.areas.test_chat.TestConversationSidebar" name="test_sent_message_appears_in_sidebar" time="8.656"><skipped type="pytest.skip" message="Chat WebSocket did not connect in this browser/cert combination — WS-dependent send tests skipped. Add a trusted TLS cert or run against a deploy with one.">/Users/evdb/projects.ai/renfield/tests/e2e/areas/test_chat.py:398: Chat WebSocket did not connect in this browser/cert combination — WS-dependent send tests skipped. Add a trusted TLS cert or run against a deploy with one.</skipped></testcase><testcase classname="tests.e2e.areas.test_chat.TestConversationSidebar" name="test_delete_button_removes_conversation" time="8.638"><skipped type="pytest.skip" message="Chat WebSocket did not connect in this browser/cert combination — WS-dependent send tests skipped. Add a trusted TLS cert or run against a deploy with one.">/Users/evdb/projects.ai/renfield/tests/e2e/areas/test_chat.py:428: Chat WebSocket did not connect in this browser/cert combination — WS-dependent send tests skipped. Add a trusted TLS cert or run against a deploy with one.</skipped></testcase><testcase classname="tests.e2e.areas.test_chat.TestChatTheme" name="test_theme_toggle_flips_dark_class" time="0.700" /><testcase classname="tests.e2e.areas.test_federation_audit.TestFederationAuditPage" name="test_page_loads" time="0.953" /><testcase classname="tests.e2e.areas.test_federation_audit.TestFederationAuditPage" name="test_audit_endpoint_returns_envelope" time="0.011" /><testcase classname="tests.e2e.areas.test_federation_audit.TestFederationAuditPage" name="test_triggers_audit_fetch_on_load" time="1.790" /><testcase classname="tests.e2e.areas.test_knowledge.TestKnowledgePageRenders" name="test_loads_with_stats_grid" time="1.009" /><testcase classname="tests.e2e.areas.test_knowledge.TestKnowledgePageRenders" name="test_kb_list_endpoint_returns_array" time="0.010" /><testcase classname="tests.e2e.areas.test_knowledge.TestKnowledgePageRenders" name="test_documents_endpoint_returns_array" time="0.008" /><testcase classname="tests.e2e.areas.test_knowledge.TestKnowledgeUploadFlow" name="test_upload_pdf_appears_in_backend_list" time="62.075" /><testcase classname="tests.e2e.areas.test_knowledge.TestKnowledgeDelete" name="test_delete_document_removes_from_list" time="6.165" /><testcase classname="tests.e2e.areas.test_knowledge_graph.TestKnowledgeGraphRenders" name="test_page_loads" time="1.029" /><testcase classname="tests.e2e.areas.test_knowledge_graph.TestKnowledgeGraphRenders" name="test_entities_endpoint_returns_list" time="0.032" /><testcase classname="tests.e2e.areas.test_knowledge_graph.TestKnowledgeGraphRenders" name="test_relations_endpoint_returns_list" time="0.025" /><testcase classname="tests.e2e.areas.test_knowledge_graph.TestKnowledgeGraphRenders" name="test_stats_endpoint_has_counts" time="0.010" /><testcase classname="tests.e2e.areas.test_knowledge_graph.TestKnowledgeGraphRenders" name="test_circle_tiers_endpoint_returns_five_entries" time="0.007" /><testcase classname="tests.e2e.areas.test_knowledge_graph.TestKnowledgeGraphFetches" name="test_page_fetches_entities_on_load" time="1.879" /><testcase classname="tests.e2e.areas.test_knowledge_graph.TestKnowledgeGraphFetches" name="test_page_fetches_stats_on_load" time="1.033" /><testcase classname="tests.e2e.areas.test_memory.TestMemoryPageRenders" name="test_page_loads" time="10.909"><failure message="playwright._impl._errors.TimeoutError: Page.wait_for_selector: Timeout 10000ms exceeded.&#10;Call log:&#10;  - waiting for locator(&quot;h1:has-text('Erinnerungen'), h2:has-text('Erinnerungen'), h1:has-text('Memory'), h2:has-text('Memory')&quot;) to be visible">tests/e2e/areas/test_memory.py:53: in test_page_loads
    memory_page.wait_for_selector(
/private/tmp/renfield-e2e-venv/lib/python3.14/site-packages/playwright/sync_api/_generated.py:8217: in wait_for_selector
    self._sync(
/private/tmp/renfield-e2e-venv/lib/python3.14/site-packages/playwright/_impl/_page.py:419: in wait_for_selector
    return await self._main_frame.wait_for_selector(**locals_to_params(locals()))
           ^^^^^^^^^^^^^^^^^^^^^^^^^^^^^^^^^^^^^^^^^^^^^^^^^^^^^^^^^^^^^^^^^^^^^^
/private/tmp/renfield-e2e-venv/lib/python3.14/site-packages/playwright/_impl/_frame.py:369: in wait_for_selector
    await self._channel.send(
/private/tmp/renfield-e2e-venv/lib/python3.14/site-packages/playwright/_impl/_connection.py:69: in send
    return await self._connection.wrap_api_call(
/private/tmp/renfield-e2e-venv/lib/python3.14/site-packages/playwright/_impl/_connection.py:559: in wrap_api_call
    raise rewrite_error(error, f"{parsed_st['apiName']}: {error}") from None
E   playwright._impl._errors.TimeoutError: Page.wait_for_selector: Timeout 10000ms exceeded.
E   Call log:
E     - waiting for locator("h1:has-text('Erinnerungen'), h2:has-text('Erinnerungen'), h1:has-text('Memory'), h2:has-text('Memory')") to be visible</failure></testcase><testcase classname="tests.e2e.areas.test_memory.TestMemoryPageRenders" name="test_memory_list_endpoint_responds" time="0.010" /><testcase classname="tests.e2e.areas.test_memory.TestMemoryCreateDelete" name="test_create_and_delete_memory_round_trip" time="0.195"><failure message="AssertionError: Marker 'e2e-mem-1777062850' not found in memory list after create&#10;assert False&#10; +  where False = any(&lt;generator object TestMemoryCreateDelete.test_create_and_delete_memory_round_trip.&lt;locals&gt;.&lt;genexpr&gt; at 0x10b5e45e0&gt;)">tests/e2e/areas/test_memory.py:88: in test_create_and_delete_memory_round_trip
    assert any(marker in (m.get("content") or "") for m in memories), (
E   AssertionError: Marker 'e2e-mem-1777062850' not found in memory list after create
E   assert False
E    +  where False = any(&lt;generator object TestMemoryCreateDelete.test_create_and_delete_memory_round_trip.&lt;locals&gt;.&lt;genexpr&gt; at 0x10b5e45e0&gt;)</failure><skipped type="pytest.skip" message="DELETE /api/memory/1 returned 404">/Users/evdb/projects.ai/renfield/tests/e2e/helpers/api.py:92: DELETE /api/memory/1 returned 404</skipped></testcase><testcase classname="tests.e2e.areas.test_memory.TestMemoryCreateDelete" name="test_created_memory_surfaces_in_ui" time="11.831"><failure message="playwright._impl._errors.TimeoutError: Page.wait_for_selector: Timeout 10000ms exceeded.&#10;Call log:&#10;  - waiting for locator(&quot;text=e2e-ui-mem-1777062851&quot;) to be visible">tests/e2e/areas/test_memory.py:115: in test_created_memory_surfaces_in_ui
    memory_page.wait_for_selector(f"text={marker}", timeout=10_000)
/private/tmp/renfield-e2e-venv/lib/python3.14/site-packages/playwright/sync_api/_generated.py:8217: in wait_for_selector
    self._sync(
/private/tmp/renfield-e2e-venv/lib/python3.14/site-packages/playwright/_impl/_page.py:419: in wait_for_selector
    return await self._main_frame.wait_for_selector(**locals_to_params(locals()))
           ^^^^^^^^^^^^^^^^^^^^^^^^^^^^^^^^^^^^^^^^^^^^^^^^^^^^^^^^^^^^^^^^^^^^^^
/private/tmp/renfield-e2e-venv/lib/python3.14/site-packages/playwright/_impl/_frame.py:369: in wait_for_selector
    await self._channel.send(
/private/tmp/renfield-e2e-venv/lib/python3.14/site-packages/playwright/_impl/_connection.py:69: in send
    return await self._connection.wrap_api_call(
/private/tmp/renfield-e2e-venv/lib/python3.14/site-packages/playwright/_impl/_connection.py:559: in wrap_api_call
    raise rewrite_error(error, f"{parsed_st['apiName']}: {error}") from None
E   playwright._impl._errors.TimeoutError: Page.wait_for_selector: Timeout 10000ms exceeded.
E   Call log:
E     - waiting for locator("text=e2e-ui-mem-1777062851") to be visible</failure><skipped type="pytest.skip" message="DELETE /api/memory/2 returned 404">/Users/evdb/projects.ai/renfield/tests/e2e/helpers/api.py:92: DELETE /api/memory/2 returned 404</skipped></testcase><testcase classname="tests.e2e.areas.test_rooms.TestRoomsPageRenders" name="test_page_loads" time="1.008" /><testcase classname="tests.e2e.areas.test_rooms.TestRoomsPageRenders" name="test_rooms_endpoint_responds" time="0.011" /><testcase classname="tests.e2e.areas.test_rooms.TestRoomsCreateDelete" name="test_create_and_delete_room_round_trip" time="0.042" /><testcase classname="tests.e2e.areas.test_rooms.TestRoomsCreateDelete" name="test_created_room_appears_in_ui" time="1.856" /><testcase classname="tests.e2e.areas.test_settings_circles.TestCirclesPageRenders" name="test_loads_and_shows_tier_labels" time="0.972" /><testcase classname="tests.e2e.areas.test_settings_circles.TestCirclesPageRenders" name="test_tier_labels_endpoint_returns_five_entries" time="0.008" /><testcase classname="tests.e2e.areas.test_settings_circles.TestCircleMembers" name="test_add_member_at_tier_trusted_persists" time="0.017"><skipped type="pytest.skip" message="add_member unavailable: 422">/Users/evdb/projects.ai/renfield/tests/e2e/areas/test_settings_circles.py:134: add_member unavailable: 422</skipped></testcase><testcase classname="tests.e2e.areas.test_settings_circles.TestCirclesUIControls" name="test_has_member_management_controls" time="0.966" /><testcase classname="tests.e2e.areas.test_smart_home.TestSmartHomePage" name="test_page_loads" time="1.638" /><testcase classname="tests.e2e.areas.test_smart_home.TestSmartHomePage" name="test_states_endpoint_responds" time="0.032"><skipped type="pytest.skip" message="states endpoint returned unexpected shape">/Users/evdb/projects.ai/renfield/tests/e2e/areas/test_smart_home.py:44: states endpoint returned unexpected shape</skipped></testcase><testcase classname="tests.e2e.areas.test_smart_home.TestSmartHomePage" name="test_page_fetches_states_on_load" time="2.488" /><testcase classname="tests.e2e.areas.test_speakers.TestSpeakersPageRenders" name="test_page_loads" time="0.954" /><testcase classname="tests.e2e.areas.test_speakers.TestSpeakersPageRenders" name="test_speakers_endpoint_returns_list" time="0.011" /><testcase classname="tests.e2e.areas.test_speakers.TestSpeakersPageRenders" name="test_speaker_status_endpoint" time="0.007" /><testcase classname="tests.e2e.areas.test_speakers.TestSpeakersCRUD" name="test_create_rename_delete_speaker" time="0.007"><skipped type="pytest.skip" message="create_speaker schema/auth: Client error '422 Unprocessable Entity' for url 'https://renfield.local/api/speakers'&#10;For more information check: https://developer.mozilla.org/en-US/docs/Web/HTTP/Status/422">/Users/evdb/projects.ai/renfield/tests/e2e/areas/test_speakers.py:72: create_speaker schema/auth: Client error '422 Unprocessable Entity' for url 'https://renfield.local/api/speakers'
For more information check: https://developer.mozilla.org/en-US/docs/Web/HTTP/Status/422</skipped></testcase><testcase classname="tests.e2e.areas.test_speakers.TestSpeakersCRUD" name="test_created_speaker_appears_in_ui" time="0.952"><skipped type="pytest.skip" message="create_speaker schema/auth: Client error '422 Unprocessable Entity' for url 'https://renfield.local/api/speakers'&#10;For more information check: https://developer.mozilla.org/en-US/docs/Web/HTTP/Status/422">/Users/evdb/projects.ai/renfield/tests/e2e/areas/test_speakers.py:99: create_speaker schema/auth: Client error '422 Unprocessable Entity' for url 'https://renfield.local/api/speakers'
For more information check: https://developer.mozilla.org/en-US/docs/Web/HTTP/Status/422</skipped></testcase><testcase classname="tests.e2e.areas.test_tasks.TestTasksPageRenders" name="test_page_loads_and_lists_tasks" time="0.918" /><testcase classname="tests.e2e.areas.test_tasks.TestTasksPageRenders" name="test_backend_tasks_endpoint_responds" time="0.009" /><testcase classname="tests.e2e.areas.test_tasks.TestTasksAPIRoundTrip" name="test_create_task_via_api_appears_in_list" time="0.006"><skipped type="pytest.skip" message="create_task schema mismatch or unauthenticated: Client error '422 Unprocessable Entity' for url 'https://renfield.local/api/tasks/create'&#10;For more information check: https://developer.mozilla.org/en-US/docs/Web/HTTP/Status/422">/Users/evdb/projects.ai/renfield/tests/e2e/areas/test_tasks.py:79: create_task schema mismatch or unauthenticated: Client error '422 Unprocessable Entity' for url 'https://renfield.local/api/tasks/create'
For more information check: https://developer.mozilla.org/en-US/docs/Web/HTTP/Status/422</skipped></testcase><testcase classname="tests.e2e.areas.test_tasks.TestTasksAPIRoundTrip" name="test_created_task_appears_in_ui" time="0.948"><skipped type="pytest.skip" message="create_task schema or auth: Client error '422 Unprocessable Entity' for url 'https://renfield.local/api/tasks/create'&#10;For more information check: https://developer.mozilla.org/en-US/docs/Web/HTTP/Status/422">/Users/evdb/projects.ai/renfield/tests/e2e/areas/test_tasks.py:97: create_task schema or auth: Client error '422 Unprocessable Entity' for url 'https://renfield.local/api/tasks/create'
For more information check: https://developer.mozilla.org/en-US/docs/Web/HTTP/Status/422</skipped></testcase></testsuite></testsuites>