<?xml version="1.0" encoding="utf-8"?><testsuites name="pytest tests"><testsuite name="pytest" errors="0" failures="11" skipped="4" tests="32" time="213.968" timestamp="2026-04-24T22:11:34.351824+02:00" hostname="demeter.local"><testcase classname="tests.e2e.areas.test_memory.TestMemoryPageRenders" name="test_page_loads" time="11.601"><failure message="playwright._impl._errors.TimeoutError: Page.wait_for_selector: Timeout 10000ms exceeded.&#10;Call log:&#10;  - waiting for locator(&quot;h1:has-text('Erinnerungen'), h2:has-text('Erinnerungen'), h1:has-text('Memory'), h2:has-text('Memory')&quot;) to be visible">tests/e2e/areas/test_memory.py:53: in test_page_loads
    memory_page.wait_for_selector(
/private/tmp/renfield-e2e-venv/lib/python3.14/site-packages/playwright/sync_api/_generated.py:8217: in wait_for_selector
    self._sync(
/private/tmp/renfield-e2e-venv/lib/python3.14/site-packages/playwright/_impl/_page.py:419: in wait_for_selector
    return await self._main_frame.wait_for_selector(**locals_to_params(locals()))
           ^^^^^^^^^^^^^^^^^^^^^^^^^^^^^^^^^^^^^^^^^^^^^^^^^^^^^^^^^^^^^^^^^^^^^^
/private/tmp/renfield-e2e-venv/lib/python3.14/site-packages/playwright/_impl/_frame.py:369: in wait_for_selector
    await self._channel.send(
/private/tmp/renfield-e2e-venv/lib/python3.14/site-packages/playwright/_impl/_connection.py:69: in send
    return await self._connection.wrap_api_call(
/private/tmp/renfield-e2e-venv/lib/python3.14/site-packages/playwright/_impl/_connection.py:559: in wrap_api_call
    raise rewrite_error(error, f"{parsed_st['apiName']}: {error}") from None
E   playwright._impl._errors.TimeoutError: Page.wait_for_selector: Timeout 10000ms exceeded.
E   Call log:
E     - waiting for locator("h1:has-text('Erinnerungen'), h2:has-text('Erinnerungen'), h1:has-text('Memory'), h2:has-text('Memory')") to be visible</failure></testcase><testcase classname="tests.e2e.areas.test_memory.TestMemoryPageRenders" name="test_memory_list_endpoint_responds" time="0.028" /><testcase classname="tests.e2e.areas.test_memory.TestMemoryCreateDelete" name="test_create_and_delete_memory_round_trip" time="2.786"><failure message="AssertionError: Marker 'e2e-mem-1777061506' not found in memory list after create&#10;assert False&#10; +  where False = any(&lt;generator object TestMemoryCreateDelete.test_create_and_delete_memory_round_trip.&lt;locals&gt;.&lt;genexpr&gt; at 0x107fb07c0&gt;)">tests/e2e/areas/test_memory.py:88: in test_create_and_delete_memory_round_trip
    assert any(marker in (m.get("content") or "") for m in memories), (
E   AssertionError: Marker 'e2e-mem-1777061506' not found in memory list after create
E   assert False
E    +  where False = any(&lt;generator object TestMemoryCreateDelete.test_create_and_delete_memory_round_trip.&lt;locals&gt;.&lt;genexpr&gt; at 0x107fb07c0&gt;)</failure><skipped type="pytest.skip" message="DELETE /api/memory/1 returned 404">/Users/evdb/projects.ai/renfield/tests/e2e/helpers/api.py:92: DELETE /api/memory/1 returned 404</skipped></testcase><testcase classname="tests.e2e.areas.test_memory.TestMemoryCreateDelete" name="test_created_memory_surfaces_in_ui" time="11.857"><failure message="playwright._impl._errors.TimeoutError: Page.wait_for_selector: Timeout 10000ms exceeded.&#10;Call log:&#10;  - waiting for locator(&quot;text=e2e-ui-mem-1777061509&quot;) to be visible">tests/e2e/areas/test_memory.py:115: in test_created_memory_surfaces_in_ui
    memory_page.wait_for_selector(f"text={marker}", timeout=10_000)
/private/tmp/renfield-e2e-venv/lib/python3.14/site-packages/playwright/sync_api/_generated.py:8217: in wait_for_selector
    self._sync(
/private/tmp/renfield-e2e-venv/lib/python3.14/site-packages/playwright/_impl/_page.py:419: in wait_for_selector
    return await self._main_frame.wait_for_selector(**locals_to_params(locals()))
           ^^^^^^^^^^^^^^^^^^^^^^^^^^^^^^^^^^^^^^^^^^^^^^^^^^^^^^^^^^^^^^^^^^^^^^
/private/tmp/renfield-e2e-venv/lib/python3.14/site-packages/playwright/_impl/_frame.py:369: in wait_for_selector
    await self._channel.send(
/private/tmp/renfield-e2e-venv/lib/python3.14/site-packages/playwright/_impl/_connection.py:69: in send
    return await self._connection.wrap_api_call(
/private/tmp/renfield-e2e-venv/lib/python3.14/site-packages/playwright/_impl/_connection.py:559: in wrap_api_call
    raise rewrite_error(error, f"{parsed_st['apiName']}: {error}") from None
E   playwright._impl._errors.TimeoutError: Page.wait_for_selector: Timeout 10000ms exceeded.
E   Call log:
E     - waiting for locator("text=e2e-ui-mem-1777061509") to be visible</failure><skipped type="pytest.skip" message="DELETE /api/memory/2 returned 404">/Users/evdb/projects.ai/renfield/tests/e2e/helpers/api.py:92: DELETE /api/memory/2 returned 404</skipped></testcase><testcase classname="tests.e2e.areas.test_knowledge.TestKnowledgePageRenders" name="test_loads_with_stats_grid" time="1.025" /><testcase classname="tests.e2e.areas.test_knowledge.TestKnowledgePageRenders" name="test_kb_list_endpoint_returns_array" time="0.010" /><testcase classname="tests.e2e.areas.test_knowledge.TestKnowledgePageRenders" name="test_documents_endpoint_returns_array" time="0.010" /><testcase classname="tests.e2e.areas.test_knowledge.TestKnowledgeUploadFlow" name="test_upload_pdf_appears_in_backend_list" time="61.979" /><testcase classname="tests.e2e.areas.test_knowledge.TestKnowledgeDelete" name="test_delete_document_removes_from_list" time="6.164" /><testcase classname="tests.e2e.areas.test_settings_circles.TestCirclesPageRenders" name="test_loads_and_shows_tier_labels" time="0.982" /><testcase classname="tests.e2e.areas.test_settings_circles.TestCirclesPageRenders" name="test_tier_labels_endpoint_returns_five_entries" time="0.008" /><testcase classname="tests.e2e.areas.test_settings_circles.TestCircleMembers" name="test_add_member_at_tier_trusted_persists" time="0.016"><skipped type="pytest.skip" message="add_member unavailable: 422">/Users/evdb/projects.ai/renfield/tests/e2e/areas/test_settings_circles.py:134: add_member unavailable: 422</skipped></testcase><testcase classname="tests.e2e.areas.test_settings_circles.TestCirclesUIControls" name="test_has_member_management_controls" time="0.999" /><testcase classname="tests.e2e.areas.test_knowledge_graph.TestKnowledgeGraphRenders" name="test_page_loads" time="1.039" /><testcase classname="tests.e2e.areas.test_knowledge_graph.TestKnowledgeGraphRenders" name="test_entities_endpoint_returns_list" time="0.042" /><testcase classname="tests.e2e.areas.test_knowledge_graph.TestKnowledgeGraphRenders" name="test_relations_endpoint_returns_list" time="0.033" /><testcase classname="tests.e2e.areas.test_knowledge_graph.TestKnowledgeGraphRenders" name="test_stats_endpoint_has_counts" time="0.009" /><testcase classname="tests.e2e.areas.test_knowledge_graph.TestKnowledgeGraphRenders" name="test_circle_tiers_endpoint_returns_five_entries" time="0.007" /><testcase classname="tests.e2e.areas.test_knowledge_graph.TestKnowledgeGraphFetches" name="test_page_fetches_entities_on_load" time="1.889" /><testcase classname="tests.e2e.areas.test_knowledge_graph.TestKnowledgeGraphFetches" name="test_page_fetches_stats_on_load" time="1.044" /><testcase classname="tests.e2e.areas.test_chat.TestChatPageRenders" name="test_loads_and_shows_empty_state" time="0.645"><failure message="assert False&#10; +  where False = is_visible()&#10; +    where is_visible = &lt;Locator frame=&lt;Frame name= url='https://renfield.local/'&gt; selector='internal:text=&quot;Starte ein Gespr\\u00e4ch mit Renfield&quot;i'&gt;.is_visible&#10; +      where &lt;Locator frame=&lt;Frame name= url='https://renfield.local/'&gt; selector='internal:text=&quot;Starte ein Gespr\\u00e4ch mit Renfield&quot;i'&gt; = get_by_text('Starte ein Gespr\xe4ch mit Renfield')&#10; +        where get_by_text = &lt;Page url='https://renfield.local/'&gt;.get_by_text">tests/e2e/areas/test_chat.py:115: in test_loads_and_shows_empty_state
    assert chat_page.get_by_text(
E   assert False
E    +  where False = is_visible()
E    +    where is_visible = &lt;Locator frame=&lt;Frame name= url='https://renfield.local/'&gt; selector='internal:text="Starte ein Gespr\\u00e4ch mit Renfield"i'&gt;.is_visible
E    +      where &lt;Locator frame=&lt;Frame name= url='https://renfield.local/'&gt; selector='internal:text="Starte ein Gespr\\u00e4ch mit Renfield"i'&gt; = get_by_text('Starte ein Gespr\xe4ch mit Renfield')
E    +        where get_by_text = &lt;Page url='https://renfield.local/'&gt;.get_by_text</failure></testcase><testcase classname="tests.e2e.areas.test_chat.TestChatPageRenders" name="test_input_controls_present_and_enabled" time="0.655"><failure message="AssertionError: assert False&#10; +  where False = is_visible()&#10; +    where is_visible = &lt;Locator frame=&lt;Frame name= url='https://renfield.local/'&gt; selector='internal:role=button[name=/Datei anh/i]'&gt;.is_visible&#10; +      where &lt;Locator frame=&lt;Frame name= url='https://renfield.local/'&gt; selector='internal:role=button[name=/Datei anh/i]'&gt; = get_by_role('button', name=re.compile('Datei anh', re.IGNORECASE))&#10; +        where get_by_role = &lt;Page url='https://renfield.local/'&gt;.get_by_role&#10; +        and   re.compile('Datei anh', re.IGNORECASE) = &lt;function compile at 0x104d2d900&gt;('Datei anh', re.IGNORECASE)&#10; +          where &lt;function compile at 0x104d2d900&gt; = re.compile&#10; +          and   re.IGNORECASE = re.IGNORECASE">tests/e2e/areas/test_chat.py:134: in test_input_controls_present_and_enabled
    assert chat_page.get_by_role(
E   AssertionError: assert False
E    +  where False = is_visible()
E    +    where is_visible = &lt;Locator frame=&lt;Frame name= url='https://renfield.local/'&gt; selector='internal:role=button[name=/Datei anh/i]'&gt;.is_visible
E    +      where &lt;Locator frame=&lt;Frame name= url='https://renfield.local/'&gt; selector='internal:role=button[name=/Datei anh/i]'&gt; = get_by_role('button', name=re.compile('Datei anh', re.IGNORECASE))
E    +        where get_by_role = &lt;Page url='https://renfield.local/'&gt;.get_by_role
E    +        and   re.compile('Datei anh', re.IGNORECASE) = &lt;function compile at 0x104d2d900&gt;('Datei anh', re.IGNORECASE)
E    +          where &lt;function compile at 0x104d2d900&gt; = re.compile
E    +          and   re.IGNORECASE = re.IGNORECASE</failure></testcase><testcase classname="tests.e2e.areas.test_chat.TestChatPageRenders" name="test_websocket_connects" time="15.652"><failure message="playwright._impl._errors.TimeoutError: Page.wait_for_selector: Timeout 15000ms exceeded.&#10;Call log:&#10;  - waiting for locator(&quot;text=Verbunden&quot;) to be visible">tests/e2e/areas/test_chat.py:151: in test_websocket_connects
    chat_page.wait_for_selector(
/private/tmp/renfield-e2e-venv/lib/python3.14/site-packages/playwright/sync_api/_generated.py:8217: in wait_for_selector
    self._sync(
/private/tmp/renfield-e2e-venv/lib/python3.14/site-packages/playwright/_impl/_page.py:419: in wait_for_selector
    return await self._main_frame.wait_for_selector(**locals_to_params(locals()))
           ^^^^^^^^^^^^^^^^^^^^^^^^^^^^^^^^^^^^^^^^^^^^^^^^^^^^^^^^^^^^^^^^^^^^^^
/private/tmp/renfield-e2e-venv/lib/python3.14/site-packages/playwright/_impl/_frame.py:369: in wait_for_selector
    await self._channel.send(
/private/tmp/renfield-e2e-venv/lib/python3.14/site-packages/playwright/_impl/_connection.py:69: in send
    return await self._connection.wrap_api_call(
/private/tmp/renfield-e2e-venv/lib/python3.14/site-packages/playwright/_impl/_connection.py:559: in wrap_api_call
    raise rewrite_error(error, f"{parsed_st['apiName']}: {error}") from None
E   playwright._impl._errors.TimeoutError: Page.wait_for_selector: Timeout 15000ms exceeded.
E   Call log:
E     - waiting for locator("text=Verbunden") to be visible</failure></testcase><testcase classname="tests.e2e.areas.test_chat.TestChatSendMessage" name="test_send_simple_question_gets_reply" time="0.678"><failure message="AssertionError: Expected ≥2 messages (user + assistant), got 1&#10;assert 1 &gt;= 2&#10; +  where 1 = count()&#10; +    where count = &lt;Locator frame=&lt;Frame name= url='https://renfield.local/'&gt; selector='internal:role=article'&gt;.count">tests/e2e/areas/test_chat.py:202: in test_send_simple_question_gets_reply
    assert articles.count() &gt;= 2, (
E   AssertionError: Expected ≥2 messages (user + assistant), got 1
E   assert 1 &gt;= 2
E    +  where 1 = count()
E    +    where count = &lt;Locator frame=&lt;Frame name= url='https://renfield.local/'&gt; selector='internal:role=article'&gt;.count</failure></testcase><testcase classname="tests.e2e.areas.test_chat.TestChatSendMessage" name="test_new_chat_button_resets_transcript" time="30.704"><failure message="playwright._impl._errors.TimeoutError: Locator.click: Timeout 30000ms exceeded.&#10;Call log:&#10;  - waiting for get_by_role(&quot;button&quot;, name=re.compile(r&quot;Neuer Chat&quot;))">tests/e2e/areas/test_chat.py:234: in test_new_chat_button_resets_transcript
    chat_page.get_by_role("button", name=re.compile(r"Neuer Chat")).click()
/private/tmp/renfield-e2e-venv/lib/python3.14/site-packages/playwright/sync_api/_generated.py:15631: in click
    self._sync(
/private/tmp/renfield-e2e-venv/lib/python3.14/site-packages/playwright/_impl/_locator.py:162: in click
    return await self._frame._click(self._selector, strict=True, **params)
           ^^^^^^^^^^^^^^^^^^^^^^^^^^^^^^^^^^^^^^^^^^^^^^^^^^^^^^^^^^^^^^^
/private/tmp/renfield-e2e-venv/lib/python3.14/site-packages/playwright/_impl/_frame.py:566: in _click
    await self._channel.send("click", self._timeout, locals_to_params(locals()))
/private/tmp/renfield-e2e-venv/lib/python3.14/site-packages/playwright/_impl/_connection.py:69: in send
    return await self._connection.wrap_api_call(
/private/tmp/renfield-e2e-venv/lib/python3.14/site-packages/playwright/_impl/_connection.py:559: in wrap_api_call
    raise rewrite_error(error, f"{parsed_st['apiName']}: {error}") from None
E   playwright._impl._errors.TimeoutError: Locator.click: Timeout 30000ms exceeded.
E   Call log:
E     - waiting for get_by_role("button", name=re.compile(r"Neuer Chat"))</failure></testcase><testcase classname="tests.e2e.areas.test_chat.TestChatFileUploadToPaperless" name="test_chat_upload_forwards_with_extracted_metadata" time="0.645"><skipped type="pytest.skip" message="PAPERLESS_API_URL / PAPERLESS_API_TOKEN not set">/Users/evdb/projects.ai/renfield/tests/e2e/helpers/paperless.py:36: PAPERLESS_API_URL / PAPERLESS_API_TOKEN not set</skipped></testcase><testcase classname="tests.e2e.areas.test_chat.TestChatFileUploadToPaperless" name="test_upload_rejects_oversized_file" time="0.893" /><testcase classname="tests.e2e.areas.test_chat.TestConversationSidebar" name="test_sent_message_appears_in_sidebar" time="0.684"><failure message="AssertionError: No conversation in sidebar has a preview containing 'Sidebar-test-1777061646'. Previews seen: ['Lade das Dokument nach Paperless', 'Welche Rechnungen von Wehrmann haben wir?', 'Zeige mir alle DNLA Renderer']&#10;assert None is not None">tests/e2e/areas/test_chat.py:395: in test_sent_message_appears_in_sidebar
    assert first is not None, (
E   AssertionError: No conversation in sidebar has a preview containing 'Sidebar-test-1777061646'. Previews seen: ['Lade das Dokument nach Paperless', 'Welche Rechnungen von Wehrmann haben wir?', 'Zeige mir alle DNLA Renderer']
E   assert None is not None</failure></testcase><testcase classname="tests.e2e.areas.test_chat.TestConversationSidebar" name="test_delete_button_removes_conversation" time="30.680"><failure message="playwright._impl._errors.TimeoutError: Locator.hover: Timeout 30000ms exceeded.&#10;Call log:&#10;  - waiting for get_by_role(&quot;button&quot;, name=re.compile(r&quot;Konversation:.*delete\-test\-1777061647&quot;)).first">tests/e2e/areas/test_chat.py:424: in test_delete_button_removes_conversation
    list_item.hover()
/private/tmp/renfield-e2e-venv/lib/python3.14/site-packages/playwright/sync_api/_generated.py:17035: in hover
    self._sync(
/private/tmp/renfield-e2e-venv/lib/python3.14/site-packages/playwright/_impl/_locator.py:460: in hover
    return await self._frame.hover(
/private/tmp/renfield-e2e-venv/lib/python3.14/site-packages/playwright/_impl/_frame.py:741: in hover
    await self._channel.send("hover", self._timeout, locals_to_params(locals()))
/private/tmp/renfield-e2e-venv/lib/python3.14/site-packages/playwright/_impl/_connection.py:69: in send
    return await self._connection.wrap_api_call(
/private/tmp/renfield-e2e-venv/lib/python3.14/site-packages/playwright/_impl/_connection.py:559: in wrap_api_call
    raise rewrite_error(error, f"{parsed_st['apiName']}: {error}") from None
E   playwright._impl._errors.TimeoutError: Locator.hover: Timeout 30000ms exceeded.
E   Call log:
E     - waiting for get_by_role("button", name=re.compile(r"Konversation:.*delete\-test\-1777061647")).first</failure></testcase><testcase classname="tests.e2e.areas.test_chat.TestChatTheme" name="test_theme_toggle_flips_dark_class" time="30.728"><failure message="playwright._impl._errors.TimeoutError: Locator.click: Timeout 30000ms exceeded.&#10;Call log:&#10;  - waiting for get_by_role(&quot;button&quot;, name=re.compile(r&quot;Dunkel&quot;, re.IGNORECASE))">tests/e2e/areas/test_chat.py:475: in test_theme_toggle_flips_dark_class
    ).click()
      ^^^^^^^
/private/tmp/renfield-e2e-venv/lib/python3.14/site-packages/playwright/sync_api/_generated.py:15631: in click
    self._sync(
/private/tmp/renfield-e2e-venv/lib/python3.14/site-packages/playwright/_impl/_locator.py:162: in click
    return await self._frame._click(self._selector, strict=True, **params)
           ^^^^^^^^^^^^^^^^^^^^^^^^^^^^^^^^^^^^^^^^^^^^^^^^^^^^^^^^^^^^^^^
/private/tmp/renfield-e2e-venv/lib/python3.14/site-packages/playwright/_impl/_frame.py:566: in _click
    await self._channel.send("click", self._timeout, locals_to_params(locals()))
/private/tmp/renfield-e2e-venv/lib/python3.14/site-packages/playwright/_impl/_connection.py:69: in send
    return await self._connection.wrap_api_call(
/private/tmp/renfield-e2e-venv/lib/python3.14/site-packages/playwright/_impl/_connection.py:559: in wrap_api_call
    raise rewrite_error(error, f"{parsed_st['apiName']}: {error}") from None
E   playwright._impl._errors.TimeoutError: Locator.click: Timeout 30000ms exceeded.
E   Call log:
E     - waiting for get_by_role("button", name=re.compile(r"Dunkel", re.IGNORECASE))</failure></testcase></testsuite></testsuites>